<?xml version="1.0" encoding="UTF-8"?>
<testng-results ignored="0" total="5" passed="5" failed="0" skipped="0">
  <reporter-output>
  </reporter-output>
  <suite started-at="2026-06-14T19:32:25 EEST" name="Surefire suite" finished-at="2026-06-14T19:33:35 EEST" duration-ms="70704">
    <groups>
    </groups>
    <test started-at="2026-06-14T19:32:25 EEST" name="Surefire test" finished-at="2026-06-14T19:33:35 EEST" duration-ms="70704">
      <class name="com.endava.ai.ui.tests.RegisteredCustomerTwoFactorProtectedAccountSurfaceTests">
        <test-method is-config="true" signature="setUp()[pri:0, instance:com.endava.ai.ui.tests.RegisteredCustomerTwoFactorProtectedAccountSurfaceTests@b9b00e0]" started-at="2026-06-14T19:32:25 EEST" name="setUp" finished-at="2026-06-14T19:32:39 EEST" duration-ms="14412" status="PASS">
          <reporter-output>
          </reporter-output>
        </test-method> <!-- setUp -->
        <test-method is-config="true" signature="before()[pri:0, instance:com.endava.ai.ui.tests.RegisteredCustomerTwoFactorProtectedAccountSurfaceTests@b9b00e0]" started-at="2026-06-14T19:32:39 EEST" name="before" finished-at="2026-06-14T19:32:40 EEST" duration-ms="455" status="PASS">
          <reporter-output>
          </reporter-output>
        </test-method> <!-- before -->
        <test-method signature="registered_customer_can_reach_the_account_overview_after_totp_login()[pri:0, instance:com.endava.ai.ui.tests.RegisteredCustomerTwoFactorProtectedAccountSurfaceTests@b9b00e0]" started-at="2026-06-14T19:32:40 EEST" name="registered_customer_can_reach_the_account_overview_after_totp_login" description="Registered customer can reach the authenticated account overview after completing the TOTP login challenge" finished-at="2026-06-14T19:32:50 EEST" duration-ms="10446" status="PASS">
          <reporter-output>
          </reporter-output>
        </test-method> <!-- registered_customer_can_reach_the_account_overview_after_totp_login -->
        <test-method is-config="true" signature="before()[pri:0, instance:com.endava.ai.ui.tests.RegisteredCustomerTwoFactorProtectedAccountSurfaceTests@b9b00e0]" started-at="2026-06-14T19:32:51 EEST" name="before" finished-at="2026-06-14T19:32:51 EEST" duration-ms="5" status="PASS">
          <reporter-output>
          </reporter-output>
        </test-method> <!-- before -->
        <test-method signature="registered_customer_can_reopen_profile_after_totp_login()[pri:0, instance:com.endava.ai.ui.tests.RegisteredCustomerTwoFactorProtectedAccountSurfaceTests@b9b00e0]" started-at="2026-06-14T19:32:51 EEST" name="registered_customer_can_reopen_profile_after_totp_login" description="Registered customer can reopen the profile route after completing the TOTP login challenge and still sees the owned profile identity" finished-at="2026-06-14T19:33:04 EEST" duration-ms="13238" status="PASS">
          <reporter-output>
          </reporter-output>
        </test-method> <!-- registered_customer_can_reopen_profile_after_totp_login -->
        <test-method is-config="true" signature="before()[pri:0, instance:com.endava.ai.ui.tests.RegisteredCustomerTwoFactorProtectedAccountSurfaceTests@b9b00e0]" started-at="2026-06-14T19:33:04 EEST" name="before" finished-at="2026-06-14T19:33:04 EEST" duration-ms="14" status="PASS">
          <reporter-output>
          </reporter-output>
        </test-method> <!-- before -->
        <test-method signature="registered_customer_keeps_favorites_route_available_after_totp_login()[pri:0, instance:com.endava.ai.ui.tests.RegisteredCustomerTwoFactorProtectedAccountSurfaceTests@b9b00e0]" started-at="2026-06-14T19:33:04 EEST" name="registered_customer_keeps_favorites_route_available_after_totp_login" description="Registered customer keeps the favorites ownership route available after a successful TOTP login" finished-at="2026-06-14T19:33:13 EEST" duration-ms="8631" status="PASS">
          <reporter-output>
          </reporter-output>
        </test-method> <!-- registered_customer_keeps_favorites_route_available_after_totp_login -->
        <test-method signature="registered_customer_keeps_invoices_route_available_after_totp_login()[pri:0, instance:com.endava.ai.ui.tests.RegisteredCustomerTwoFactorProtectedAccountSurfaceTests@b9b00e0]" started-at="2026-06-14T19:33:13 EEST" name="registered_customer_keeps_invoices_route_available_after_totp_login" description="Registered customer keeps the invoices ledger surface available after a successful TOTP login" finished-at="2026-06-14T19:33:22 EEST" duration-ms="9054" status="PASS">
          <reporter-output>
          </reporter-output>
        </test-method> <!-- registered_customer_keeps_invoices_route_available_after_totp_login -->
        <test-method is-config="true" signature="before()[pri:0, instance:com.endava.ai.ui.tests.RegisteredCustomerTwoFactorProtectedAccountSurfaceTests@b9b00e0]" started-at="2026-06-14T19:33:13 EEST" name="before" finished-at="2026-06-14T19:33:13 EEST" duration-ms="0" status="PASS">
          <reporter-output>
          </reporter-output>
        </test-method> <!-- before -->
        <test-method is-config="true" signature="before()[pri:0, instance:com.endava.ai.ui.tests.RegisteredCustomerTwoFactorProtectedAccountSurfaceTests@b9b00e0]" started-at="2026-06-14T19:33:22 EEST" name="before" finished-at="2026-06-14T19:33:22 EEST" duration-ms="7" status="PASS">
          <reporter-output>
          </reporter-output>
        </test-method> <!-- before -->
        <test-method signature="registered_customer_keeps_messages_route_available_after_totp_login()[pri:0, instance:com.endava.ai.ui.tests.RegisteredCustomerTwoFactorProtectedAccountSurfaceTests@b9b00e0]" started-at="2026-06-14T19:33:22 EEST" name="registered_customer_keeps_messages_route_available_after_totp_login" description="Registered customer keeps the messages route available after a successful TOTP login" finished-at="2026-06-14T19:33:35 EEST" duration-ms="12288" status="PASS">
          <reporter-output>
          </reporter-output>
        </test-method> <!-- registered_customer_keeps_messages_route_available_after_totp_login -->
        <test-method is-config="true" signature="tearDown()[pri:0, instance:com.endava.ai.ui.tests.RegisteredCustomerTwoFactorProtectedAccountSurfaceTests@b9b00e0]" started-at="2026-06-14T19:33:35 EEST" name="tearDown" finished-at="2026-06-14T19:33:35 EEST" duration-ms="649" status="PASS">
          <reporter-output>
          </reporter-output>
        </test-method> <!-- tearDown -->
      </class> <!-- com.endava.ai.ui.tests.RegisteredCustomerTwoFactorProtectedAccountSurfaceTests -->
    </test> <!-- Surefire test -->
  </suite> <!-- Surefire suite -->
</testng-results>
