<?xml version="1.0" encoding="UTF-8"?>
<testng-results ignored="0" total="7" passed="7" failed="0" skipped="0">
  <reporter-output>
  </reporter-output>
  <suite started-at="2026-06-14T21:34:33 EEST" name="Surefire suite" finished-at="2026-06-14T21:35:52 EEST" duration-ms="78312">
    <groups>
    </groups>
    <test started-at="2026-06-14T21:34:33 EEST" name="Surefire test" finished-at="2026-06-14T21:35:52 EEST" duration-ms="78312">
      <class name="com.endava.ai.atf.ui.AuthenticatedTotpTests">
        <test-method is-config="true" signature="setUp()[pri:0, instance:com.endava.ai.atf.ui.AuthenticatedTotpTests@54e1c68b]" started-at="2026-06-14T21:34:33 EEST" name="setUp" finished-at="2026-06-14T21:34:47 EEST" duration-ms="13380" status="PASS">
          <reporter-output>
          </reporter-output>
        </test-method> <!-- setUp -->
        <test-method is-config="true" signature="setUpMethod()[pri:0, instance:com.endava.ai.atf.ui.AuthenticatedTotpTests@54e1c68b]" started-at="2026-06-14T21:34:47 EEST" name="setUpMethod" finished-at="2026-06-14T21:34:47 EEST" duration-ms="1" status="PASS">
          <reporter-output>
          </reporter-output>
        </test-method> <!-- setUpMethod -->
        <test-method is-config="true" signature="before()[pri:0, instance:com.endava.ai.atf.ui.AuthenticatedTotpTests@54e1c68b]" started-at="2026-06-14T21:34:47 EEST" name="before" finished-at="2026-06-14T21:34:47 EEST" duration-ms="138" status="PASS">
          <reporter-output>
          </reporter-output>
        </test-method> <!-- before -->
        <test-method signature="negative_empty_totp_setup_code_is_rejected_from_authenticated_profile()[pri:0, instance:com.endava.ai.atf.ui.AuthenticatedTotpTests@54e1c68b]" started-at="2026-06-14T21:34:47 EEST" name="negative_empty_totp_setup_code_is_rejected_from_authenticated_profile" description="Negative: empty TOTP setup code is rejected from the authenticated profile" finished-at="2026-06-14T21:34:52 EEST" duration-ms="5193" status="PASS">
          <reporter-output>
          </reporter-output>
        </test-method> <!-- negative_empty_totp_setup_code_is_rejected_from_authenticated_profile -->
        <test-method is-config="true" signature="tearDownMethod()[pri:0, instance:com.endava.ai.atf.ui.AuthenticatedTotpTests@54e1c68b]" started-at="2026-06-14T21:34:53 EEST" name="tearDownMethod" finished-at="2026-06-14T21:34:53 EEST" duration-ms="413" status="PASS">
          <reporter-output>
          </reporter-output>
        </test-method> <!-- tearDownMethod -->
        <test-method is-config="true" signature="setUpMethod()[pri:0, instance:com.endava.ai.atf.ui.AuthenticatedTotpTests@54e1c68b]" started-at="2026-06-14T21:34:53 EEST" name="setUpMethod" finished-at="2026-06-14T21:34:55 EEST" duration-ms="2177" status="PASS">
          <reporter-output>
          </reporter-output>
        </test-method> <!-- setUpMethod -->
        <test-method is-config="true" signature="before()[pri:0, instance:com.endava.ai.atf.ui.AuthenticatedTotpTests@54e1c68b]" started-at="2026-06-14T21:34:55 EEST" name="before" finished-at="2026-06-14T21:34:56 EEST" duration-ms="337" status="PASS">
          <reporter-output>
          </reporter-output>
        </test-method> <!-- before -->
        <test-method signature="negative_invalid_totp_setup_code_is_rejected_from_authenticated_profile()[pri:0, instance:com.endava.ai.atf.ui.AuthenticatedTotpTests@54e1c68b]" started-at="2026-06-14T21:34:56 EEST" name="negative_invalid_totp_setup_code_is_rejected_from_authenticated_profile" description="Negative: invalid TOTP setup code is rejected from the authenticated profile" finished-at="2026-06-14T21:35:00 EEST" duration-ms="4444" status="PASS">
          <reporter-output>
          </reporter-output>
        </test-method> <!-- negative_invalid_totp_setup_code_is_rejected_from_authenticated_profile -->
        <test-method is-config="true" signature="tearDownMethod()[pri:0, instance:com.endava.ai.atf.ui.AuthenticatedTotpTests@54e1c68b]" started-at="2026-06-14T21:35:00 EEST" name="tearDownMethod" finished-at="2026-06-14T21:35:01 EEST" duration-ms="582" status="PASS">
          <reporter-output>
          </reporter-output>
        </test-method> <!-- tearDownMethod -->
        <test-method is-config="true" signature="setUpMethod()[pri:0, instance:com.endava.ai.atf.ui.AuthenticatedTotpTests@54e1c68b]" started-at="2026-06-14T21:35:01 EEST" name="setUpMethod" finished-at="2026-06-14T21:35:05 EEST" duration-ms="4361" status="PASS">
          <reporter-output>
          </reporter-output>
        </test-method> <!-- setUpMethod -->
        <test-method is-config="true" signature="before()[pri:0, instance:com.endava.ai.atf.ui.AuthenticatedTotpTests@54e1c68b]" started-at="2026-06-14T21:35:05 EEST" name="before" finished-at="2026-06-14T21:35:06 EEST" duration-ms="234" status="PASS">
          <reporter-output>
          </reporter-output>
        </test-method> <!-- before -->
        <test-method signature="negative_profile_after_valid_totp_relogin_still_shows_setup_details_load_error()[pri:0, instance:com.endava.ai.atf.ui.AuthenticatedTotpTests@54e1c68b]" started-at="2026-06-14T21:35:06 EEST" name="negative_profile_after_valid_totp_relogin_still_shows_setup_details_load_error" description="Negative: after a valid TOTP relogin, the profile still cannot reload the original setup details" finished-at="2026-06-14T21:35:13 EEST" duration-ms="7352" status="PASS">
          <reporter-output>
          </reporter-output>
        </test-method> <!-- negative_profile_after_valid_totp_relogin_still_shows_setup_details_load_error -->
        <test-method is-config="true" signature="tearDownMethod()[pri:0, instance:com.endava.ai.atf.ui.AuthenticatedTotpTests@54e1c68b]" started-at="2026-06-14T21:35:13 EEST" name="tearDownMethod" finished-at="2026-06-14T21:35:14 EEST" duration-ms="641" status="PASS">
          <reporter-output>
          </reporter-output>
        </test-method> <!-- tearDownMethod -->
        <test-method is-config="true" signature="setUpMethod()[pri:0, instance:com.endava.ai.atf.ui.AuthenticatedTotpTests@54e1c68b]" started-at="2026-06-14T21:35:14 EEST" name="setUpMethod" finished-at="2026-06-14T21:35:17 EEST" duration-ms="3009" status="PASS">
          <reporter-output>
          </reporter-output>
        </test-method> <!-- setUpMethod -->
        <test-method is-config="true" signature="before()[pri:0, instance:com.endava.ai.atf.ui.AuthenticatedTotpTests@54e1c68b]" started-at="2026-06-14T21:35:17 EEST" name="before" finished-at="2026-06-14T21:35:17 EEST" duration-ms="456" status="PASS">
          <reporter-output>
          </reporter-output>
        </test-method> <!-- before -->
        <test-method signature="negative_profile_replay_after_enabling_totp_shows_setup_details_load_error()[pri:0, instance:com.endava.ai.atf.ui.AuthenticatedTotpTests@54e1c68b]" started-at="2026-06-14T21:35:17 EEST" name="negative_profile_replay_after_enabling_totp_shows_setup_details_load_error" description="Negative: profile replay after enabling TOTP shows that setup details can no longer be loaded" finished-at="2026-06-14T21:35:24 EEST" duration-ms="6235" status="PASS">
          <reporter-output>
          </reporter-output>
        </test-method> <!-- negative_profile_replay_after_enabling_totp_shows_setup_details_load_error -->
        <test-method is-config="true" signature="tearDownMethod()[pri:0, instance:com.endava.ai.atf.ui.AuthenticatedTotpTests@54e1c68b]" started-at="2026-06-14T21:35:24 EEST" name="tearDownMethod" finished-at="2026-06-14T21:35:24 EEST" duration-ms="587" status="PASS">
          <reporter-output>
          </reporter-output>
        </test-method> <!-- tearDownMethod -->
        <test-method is-config="true" signature="setUpMethod()[pri:0, instance:com.endava.ai.atf.ui.AuthenticatedTotpTests@54e1c68b]" started-at="2026-06-14T21:35:24 EEST" name="setUpMethod" finished-at="2026-06-14T21:35:27 EEST" duration-ms="2334" status="PASS">
          <reporter-output>
          </reporter-output>
        </test-method> <!-- setUpMethod -->
        <test-method is-config="true" signature="before()[pri:0, instance:com.endava.ai.atf.ui.AuthenticatedTotpTests@54e1c68b]" started-at="2026-06-14T21:35:27 EEST" name="before" finished-at="2026-06-14T21:35:27 EEST" duration-ms="199" status="PASS">
          <reporter-output>
          </reporter-output>
        </test-method> <!-- before -->
        <test-method signature="positive_enabled_totp_blocks_password_only_relogin_until_a_valid_code_is_provided()[pri:0, instance:com.endava.ai.atf.ui.AuthenticatedTotpTests@54e1c68b]" started-at="2026-06-14T21:35:27 EEST" name="positive_enabled_totp_blocks_password_only_relogin_until_a_valid_code_is_provided" description="Positive: enabled TOTP blocks password-only relogin until a valid code is provided" finished-at="2026-06-14T21:35:34 EEST" duration-ms="7374" status="PASS">
          <reporter-output>
          </reporter-output>
        </test-method> <!-- positive_enabled_totp_blocks_password_only_relogin_until_a_valid_code_is_provided -->
        <test-method is-config="true" signature="tearDownMethod()[pri:0, instance:com.endava.ai.atf.ui.AuthenticatedTotpTests@54e1c68b]" started-at="2026-06-14T21:35:35 EEST" name="tearDownMethod" finished-at="2026-06-14T21:35:35 EEST" duration-ms="490" status="PASS">
          <reporter-output>
          </reporter-output>
        </test-method> <!-- tearDownMethod -->
        <test-method is-config="true" signature="setUpMethod()[pri:0, instance:com.endava.ai.atf.ui.AuthenticatedTotpTests@54e1c68b]" started-at="2026-06-14T21:35:35 EEST" name="setUpMethod" finished-at="2026-06-14T21:35:37 EEST" duration-ms="2177" status="PASS">
          <reporter-output>
          </reporter-output>
        </test-method> <!-- setUpMethod -->
        <test-method is-config="true" signature="before()[pri:0, instance:com.endava.ai.atf.ui.AuthenticatedTotpTests@54e1c68b]" started-at="2026-06-14T21:35:37 EEST" name="before" finished-at="2026-06-14T21:35:38 EEST" duration-ms="509" status="PASS">
          <reporter-output>
          </reporter-output>
        </test-method> <!-- before -->
        <test-method signature="positive_enabled_totp_survives_same_session_profile_replay()[pri:0, instance:com.endava.ai.atf.ui.AuthenticatedTotpTests@54e1c68b]" started-at="2026-06-14T21:35:38 EEST" name="positive_enabled_totp_survives_same_session_profile_replay" description="Positive: enabled TOTP survives same-session profile replay" finished-at="2026-06-14T21:35:43 EEST" duration-ms="5498" status="PASS">
          <reporter-output>
          </reporter-output>
        </test-method> <!-- positive_enabled_totp_survives_same_session_profile_replay -->
        <test-method is-config="true" signature="tearDownMethod()[pri:0, instance:com.endava.ai.atf.ui.AuthenticatedTotpTests@54e1c68b]" started-at="2026-06-14T21:35:44 EEST" name="tearDownMethod" finished-at="2026-06-14T21:35:44 EEST" duration-ms="480" status="PASS">
          <reporter-output>
          </reporter-output>
        </test-method> <!-- tearDownMethod -->
        <test-method is-config="true" signature="setUpMethod()[pri:0, instance:com.endava.ai.atf.ui.AuthenticatedTotpTests@54e1c68b]" started-at="2026-06-14T21:35:44 EEST" name="setUpMethod" finished-at="2026-06-14T21:35:47 EEST" duration-ms="2260" status="PASS">
          <reporter-output>
          </reporter-output>
        </test-method> <!-- setUpMethod -->
        <test-method is-config="true" signature="before()[pri:0, instance:com.endava.ai.atf.ui.AuthenticatedTotpTests@54e1c68b]" started-at="2026-06-14T21:35:47 EEST" name="before" finished-at="2026-06-14T21:35:47 EEST" duration-ms="295" status="PASS">
          <reporter-output>
          </reporter-output>
        </test-method> <!-- before -->
        <test-method signature="positive_valid_totp_setup_code_enables_two_factor_authentication_from_profile()[pri:0, instance:com.endava.ai.atf.ui.AuthenticatedTotpTests@54e1c68b]" started-at="2026-06-14T21:35:47 EEST" name="positive_valid_totp_setup_code_enables_two_factor_authentication_from_profile" description="Positive: valid TOTP setup code enables two-factor authentication from the profile" finished-at="2026-06-14T21:35:51 EEST" duration-ms="4102" status="PASS">
          <reporter-output>
          </reporter-output>
        </test-method> <!-- positive_valid_totp_setup_code_enables_two_factor_authentication_from_profile -->
        <test-method is-config="true" signature="tearDownMethod()[pri:0, instance:com.endava.ai.atf.ui.AuthenticatedTotpTests@54e1c68b]" started-at="2026-06-14T21:35:51 EEST" name="tearDownMethod" finished-at="2026-06-14T21:35:52 EEST" duration-ms="445" status="PASS">
          <reporter-output>
          </reporter-output>
        </test-method> <!-- tearDownMethod -->
        <test-method is-config="true" signature="tearDown()[pri:0, instance:com.endava.ai.atf.ui.AuthenticatedTotpTests@54e1c68b]" started-at="2026-06-14T21:35:52 EEST" name="tearDown" finished-at="2026-06-14T21:35:52 EEST" duration-ms="2" status="PASS">
          <reporter-output>
          </reporter-output>
        </test-method> <!-- tearDown -->
      </class> <!-- com.endava.ai.atf.ui.AuthenticatedTotpTests -->
    </test> <!-- Surefire test -->
  </suite> <!-- Surefire suite -->
</testng-results>
