<?xml version="1.0" encoding="UTF-8"?>
<testng-results ignored="0" total="2" passed="2" failed="0" skipped="0">
  <reporter-output>
  </reporter-output>
  <suite started-at="2026-06-10T11:06:51 EEST" name="Surefire suite" finished-at="2026-06-10T11:06:51 EEST" duration-ms="407">
    <groups>
    </groups>
    <test started-at="2026-06-10T11:06:51 EEST" name="Surefire test" finished-at="2026-06-10T11:06:51 EEST" duration-ms="407">
      <class name="com.endava.ai.atf.ui.component.AuthenticatedContinuationContractTest">
        <test-method signature="change_password_workflow_types_current_new_and_confirm_then_submits()[pri:0, instance:com.endava.ai.atf.ui.component.AuthenticatedContinuationContractTest@1e1a0406]" started-at="2026-06-10T11:06:51 EEST" name="change_password_workflow_types_current_new_and_confirm_then_submits" finished-at="2026-06-10T11:06:51 EEST" duration-ms="48" status="PASS">
          <reporter-output>
          </reporter-output>
        </test-method> <!-- change_password_workflow_types_current_new_and_confirm_then_submits -->
        <test-method is-config="true" signature="tearDown()[pri:0, instance:com.endava.ai.atf.ui.component.AuthenticatedContinuationContractTest@1e1a0406]" started-at="2026-06-10T11:06:51 EEST" name="tearDown" finished-at="2026-06-10T11:06:51 EEST" duration-ms="7" status="PASS">
          <reporter-output>
          </reporter-output>
        </test-method> <!-- tearDown -->
        <test-method signature="password_change_success_validation_retries_until_banner_text_is_present()[pri:0, instance:com.endava.ai.atf.ui.component.AuthenticatedContinuationContractTest@1e1a0406]" started-at="2026-06-10T11:06:51 EEST" name="password_change_success_validation_retries_until_banner_text_is_present" finished-at="2026-06-10T11:06:51 EEST" duration-ms="262" status="PASS">
          <reporter-output>
          </reporter-output>
        </test-method> <!-- password_change_success_validation_retries_until_banner_text_is_present -->
        <test-method is-config="true" signature="tearDown()[pri:0, instance:com.endava.ai.atf.ui.component.AuthenticatedContinuationContractTest@1e1a0406]" started-at="2026-06-10T11:06:51 EEST" name="tearDown" finished-at="2026-06-10T11:06:51 EEST" duration-ms="0" status="PASS">
          <reporter-output>
          </reporter-output>
        </test-method> <!-- tearDown -->
      </class> <!-- com.endava.ai.atf.ui.component.AuthenticatedContinuationContractTest -->
    </test> <!-- Surefire test -->
  </suite> <!-- Surefire suite -->
</testng-results>
