<?xml version="1.0" encoding="UTF-8"?>
<!-- Generated by org.testng.reporters.JUnitReportReporter -->
<testsuite hostname="ENDAUTOv8Z9nN05" failures="0" tests="1" name="com.endava.ai.ui.tests.AuthenticatedAccountInvoicesTests" time="5.905" errors="0" timestamp="2026-06-14T13:59:35 EEST" skipped="0">
  <testcase classname="com.endava.ai.ui.tests.AuthenticatedAccountInvoicesTests" name="authenticated_customer_can_open_invoices_and_see_the_empty_ledger_surface" time="5.905"/>
</testsuite> <!-- com.endava.ai.ui.tests.AuthenticatedAccountInvoicesTests -->
