<?xml version="1.0" encoding="UTF-8"?>
<!-- Generated by org.testng.reporters.JUnitReportReporter -->
<testsuite hostname="ENDAUTOv8Z9nN05" failures="0" tests="1" name="com.endava.ai.ui.tests.AuthenticatedAccountMessagesTests" time="5.345" errors="0" timestamp="2026-06-14T13:59:35 EEST" skipped="0">
  <testcase classname="com.endava.ai.ui.tests.AuthenticatedAccountMessagesTests" name="authenticated_customer_can_open_messages_and_receives_the_empty_state_guidance" time="5.345"/>
</testsuite> <!-- com.endava.ai.ui.tests.AuthenticatedAccountMessagesTests -->
