<?xml version="1.0" encoding="UTF-8"?>
<testng-results ignored="0" total="5" passed="5" failed="0" skipped="0">
  <reporter-output>
  </reporter-output>
  <suite started-at="2026-06-14T21:48:48 EEST" name="Surefire suite" finished-at="2026-06-14T21:50:00 EEST" duration-ms="72892">
    <groups>
    </groups>
    <test started-at="2026-06-14T21:48:48 EEST" name="Surefire test" finished-at="2026-06-14T21:50:00 EEST" duration-ms="72892">
      <class name="com.endava.ai.ui.tests.AuthenticatedCheckoutInvoiceGapTests">
        <test-method is-config="true" signature="setUp()[pri:0, instance:com.endava.ai.ui.tests.AuthenticatedCheckoutInvoiceGapTests@4e31276e]" started-at="2026-06-14T21:49:25 EEST" name="setUp" finished-at="2026-06-14T21:49:27 EEST" duration-ms="1912" status="PASS">
          <reporter-output>
          </reporter-output>
        </test-method> <!-- setUp -->
        <test-method is-config="true" signature="before()[pri:0, instance:com.endava.ai.ui.tests.AuthenticatedCheckoutInvoiceGapTests@4e31276e]" started-at="2026-06-14T21:49:27 EEST" name="before" finished-at="2026-06-14T21:49:27 EEST" duration-ms="246" status="PASS">
          <reporter-output>
          </reporter-output>
        </test-method> <!-- before -->
        <test-method signature="authenticated_checkout_success_still_leaves_invoice_ledger_empty()[pri:0, instance:com.endava.ai.ui.tests.AuthenticatedCheckoutInvoiceGapTests@4e31276e]" started-at="2026-06-14T21:49:27 EEST" name="authenticated_checkout_success_still_leaves_invoice_ledger_empty" description="Authenticated checkout success still leaves the live invoice ledger empty for the newly registered customer" finished-at="2026-06-14T21:49:36 EEST" duration-ms="8543" status="PASS">
          <reporter-output>
          </reporter-output>
        </test-method> <!-- authenticated_checkout_success_still_leaves_invoice_ledger_empty -->
        <test-method is-config="true" signature="tearDown()[pri:0, instance:com.endava.ai.ui.tests.AuthenticatedCheckoutInvoiceGapTests@4e31276e]" started-at="2026-06-14T21:49:36 EEST" name="tearDown" finished-at="2026-06-14T21:49:36 EEST" duration-ms="451" status="PASS">
          <reporter-output>
          </reporter-output>
        </test-method> <!-- tearDown -->
      </class> <!-- com.endava.ai.ui.tests.AuthenticatedCheckoutInvoiceGapTests -->
      <class name="com.endava.ai.ui.tests.AuthenticatedCheckoutCashOnDeliveryTests">
        <test-method is-config="true" signature="setUp()[pri:0, instance:com.endava.ai.ui.tests.AuthenticatedCheckoutCashOnDeliveryTests@1d483de4]" started-at="2026-06-14T21:48:48 EEST" name="setUp" finished-at="2026-06-14T21:49:01 EEST" duration-ms="12966" status="PASS">
          <reporter-output>
          </reporter-output>
        </test-method> <!-- setUp -->
        <test-method is-config="true" signature="before()[pri:0, instance:com.endava.ai.ui.tests.AuthenticatedCheckoutCashOnDeliveryTests@1d483de4]" started-at="2026-06-14T21:49:01 EEST" name="before" finished-at="2026-06-14T21:49:01 EEST" duration-ms="247" status="PASS">
          <reporter-output>
          </reporter-output>
        </test-method> <!-- before -->
        <test-method signature="authenticated_checkout_can_confirm_cash_on_delivery()[pri:0, instance:com.endava.ai.ui.tests.AuthenticatedCheckoutCashOnDeliveryTests@1d483de4]" started-at="2026-06-14T21:49:01 EEST" name="authenticated_checkout_can_confirm_cash_on_delivery" description="Authenticated checkout reaches a successful payment confirmation after selecting Cash on Delivery" finished-at="2026-06-14T21:49:10 EEST" duration-ms="9051" status="PASS">
          <reporter-output>
          </reporter-output>
        </test-method> <!-- authenticated_checkout_can_confirm_cash_on_delivery -->
        <test-method is-config="true" signature="tearDown()[pri:0, instance:com.endava.ai.ui.tests.AuthenticatedCheckoutCashOnDeliveryTests@1d483de4]" started-at="2026-06-14T21:49:10 EEST" name="tearDown" finished-at="2026-06-14T21:49:11 EEST" duration-ms="475" status="PASS">
          <reporter-output>
          </reporter-output>
        </test-method> <!-- tearDown -->
      </class> <!-- com.endava.ai.ui.tests.AuthenticatedCheckoutCashOnDeliveryTests -->
      <class name="com.endava.ai.ui.tests.AuthenticatedCheckoutInvoiceGapReloginTests">
        <test-method is-config="true" signature="setUp()[pri:0, instance:com.endava.ai.ui.tests.AuthenticatedCheckoutInvoiceGapReloginTests@df6620a]" started-at="2026-06-14T21:49:11 EEST" name="setUp" finished-at="2026-06-14T21:49:13 EEST" duration-ms="1928" status="PASS">
          <reporter-output>
          </reporter-output>
        </test-method> <!-- setUp -->
        <test-method is-config="true" signature="before()[pri:0, instance:com.endava.ai.ui.tests.AuthenticatedCheckoutInvoiceGapReloginTests@df6620a]" started-at="2026-06-14T21:49:13 EEST" name="before" finished-at="2026-06-14T21:49:13 EEST" duration-ms="255" status="PASS">
          <reporter-output>
          </reporter-output>
        </test-method> <!-- before -->
        <test-method signature="authenticated_checkout_invoice_gap_survives_relogin()[pri:0, instance:com.endava.ai.ui.tests.AuthenticatedCheckoutInvoiceGapReloginTests@df6620a]" started-at="2026-06-14T21:49:13 EEST" name="authenticated_checkout_invoice_gap_survives_relogin" description="Authenticated checkout success still leaves the invoice ledger empty even after a cold relogin" finished-at="2026-06-14T21:49:24 EEST" duration-ms="11279" status="PASS">
          <reporter-output>
          </reporter-output>
        </test-method> <!-- authenticated_checkout_invoice_gap_survives_relogin -->
        <test-method is-config="true" signature="tearDown()[pri:0, instance:com.endava.ai.ui.tests.AuthenticatedCheckoutInvoiceGapReloginTests@df6620a]" started-at="2026-06-14T21:49:24 EEST" name="tearDown" finished-at="2026-06-14T21:49:25 EEST" duration-ms="533" status="PASS">
          <reporter-output>
          </reporter-output>
        </test-method> <!-- tearDown -->
      </class> <!-- com.endava.ai.ui.tests.AuthenticatedCheckoutInvoiceGapReloginTests -->
      <class name="com.endava.ai.ui.tests.AuthenticatedCheckoutRepeatedInvoiceGapTests">
        <test-method is-config="true" signature="setUp()[pri:0, instance:com.endava.ai.ui.tests.AuthenticatedCheckoutRepeatedInvoiceGapTests@27d5a580]" started-at="2026-06-14T21:49:45 EEST" name="setUp" finished-at="2026-06-14T21:49:47 EEST" duration-ms="1886" status="PASS">
          <reporter-output>
          </reporter-output>
        </test-method> <!-- setUp -->
        <test-method is-config="true" signature="before()[pri:0, instance:com.endava.ai.ui.tests.AuthenticatedCheckoutRepeatedInvoiceGapTests@27d5a580]" started-at="2026-06-14T21:49:47 EEST" name="before" finished-at="2026-06-14T21:49:47 EEST" duration-ms="17" status="PASS">
          <reporter-output>
          </reporter-output>
        </test-method> <!-- before -->
        <test-method signature="repeated_authenticated_checkout_success_still_leaves_the_invoice_ledger_empty()[pri:0, instance:com.endava.ai.ui.tests.AuthenticatedCheckoutRepeatedInvoiceGapTests@27d5a580]" started-at="2026-06-14T21:49:47 EEST" name="repeated_authenticated_checkout_success_still_leaves_the_invoice_ledger_empty" description="Two successful authenticated cash-on-delivery checkouts still do not materialize invoice ownership in the account ledger" finished-at="2026-06-14T21:50:00 EEST" duration-ms="12466" status="PASS">
          <reporter-output>
          </reporter-output>
        </test-method> <!-- repeated_authenticated_checkout_success_still_leaves_the_invoice_ledger_empty -->
        <test-method is-config="true" signature="tearDown()[pri:0, instance:com.endava.ai.ui.tests.AuthenticatedCheckoutRepeatedInvoiceGapTests@27d5a580]" started-at="2026-06-14T21:50:00 EEST" name="tearDown" finished-at="2026-06-14T21:50:00 EEST" duration-ms="518" status="PASS">
          <reporter-output>
          </reporter-output>
        </test-method> <!-- tearDown -->
      </class> <!-- com.endava.ai.ui.tests.AuthenticatedCheckoutRepeatedInvoiceGapTests -->
      <class name="com.endava.ai.ui.tests.AuthenticatedCheckoutRecognitionTests">
        <test-method is-config="true" signature="setUp()[pri:0, instance:com.endava.ai.ui.tests.AuthenticatedCheckoutRecognitionTests@1a72a540]" started-at="2026-06-14T21:49:36 EEST" name="setUp" finished-at="2026-06-14T21:49:38 EEST" duration-ms="1573" status="PASS">
          <reporter-output>
          </reporter-output>
        </test-method> <!-- setUp -->
        <test-method is-config="true" signature="before()[pri:0, instance:com.endava.ai.ui.tests.AuthenticatedCheckoutRecognitionTests@1a72a540]" started-at="2026-06-14T21:49:38 EEST" name="before" finished-at="2026-06-14T21:49:38 EEST" duration-ms="241" status="PASS">
          <reporter-output>
          </reporter-output>
        </test-method> <!-- before -->
        <test-method signature="authenticated_customer_is_recognized_in_checkout_without_guest_identity()[pri:0, instance:com.endava.ai.ui.tests.AuthenticatedCheckoutRecognitionTests@1a72a540]" started-at="2026-06-14T21:49:38 EEST" name="authenticated_customer_is_recognized_in_checkout_without_guest_identity" description="Authenticated customer reaches the checkout sign-in step as a recognized logged-in user and can continue without the guest identity form" finished-at="2026-06-14T21:49:45 EEST" duration-ms="6480" status="PASS">
          <reporter-output>
          </reporter-output>
        </test-method> <!-- authenticated_customer_is_recognized_in_checkout_without_guest_identity -->
        <test-method is-config="true" signature="tearDown()[pri:0, instance:com.endava.ai.ui.tests.AuthenticatedCheckoutRecognitionTests@1a72a540]" started-at="2026-06-14T21:49:45 EEST" name="tearDown" finished-at="2026-06-14T21:49:45 EEST" duration-ms="438" status="PASS">
          <reporter-output>
          </reporter-output>
        </test-method> <!-- tearDown -->
      </class> <!-- com.endava.ai.ui.tests.AuthenticatedCheckoutRecognitionTests -->
    </test> <!-- Surefire test -->
  </suite> <!-- Surefire suite -->
</testng-results>
