<?xml version="1.0" encoding="UTF-8"?>
<testng-results ignored="0" total="1" passed="1" failed="0" skipped="0">
  <reporter-output>
  </reporter-output>
  <suite started-at="2026-06-09T12:30:46 EEST" name="Surefire suite" finished-at="2026-06-09T12:31:01 EEST" duration-ms="15114">
    <groups>
    </groups>
    <test started-at="2026-06-09T12:30:46 EEST" name="Surefire test" finished-at="2026-06-09T12:31:01 EEST" duration-ms="15114">
      <class name="com.endava.ai.atf.ui.RegistrationAddressAutofillTests">
        <test-method is-config="true" signature="setUp()[pri:0, instance:com.endava.ai.atf.ui.RegistrationAddressAutofillTests@18df8434]" started-at="2026-06-09T12:30:46 EEST" name="setUp" finished-at="2026-06-09T12:30:58 EEST" duration-ms="12114" status="PASS">
          <reporter-output>
          </reporter-output>
        </test-method> <!-- setUp -->
        <test-method is-config="true" signature="installPostcodeLookupMock()[pri:0, instance:com.endava.ai.atf.ui.RegistrationAddressAutofillTests@18df8434]" started-at="2026-06-09T12:30:58 EEST" name="installPostcodeLookupMock" finished-at="2026-06-09T12:30:58 EEST" duration-ms="132" status="PASS">
          <reporter-output>
          </reporter-output>
        </test-method> <!-- installPostcodeLookupMock -->
        <test-method is-config="true" signature="before()[pri:0, instance:com.endava.ai.atf.ui.RegistrationAddressAutofillTests@18df8434]" started-at="2026-06-09T12:30:58 EEST" name="before" finished-at="2026-06-09T12:30:58 EEST" duration-ms="5" status="PASS">
          <reporter-output>
          </reporter-output>
        </test-method> <!-- before -->
        <test-method signature="synthetic_nl_postal_house_still_materializes_address()[pri:0, instance:com.endava.ai.atf.ui.RegistrationAddressAutofillTests@18df8434]" started-at="2026-06-09T12:30:58 EEST" name="synthetic_nl_postal_house_still_materializes_address" description="Boundary: syntactic NL postal and house combination still materializes a populated address" finished-at="2026-06-09T12:31:00 EEST" duration-ms="1913" status="PASS">
          <reporter-output>
          </reporter-output>
        </test-method> <!-- synthetic_nl_postal_house_still_materializes_address -->
        <test-method is-config="true" signature="tearDown()[pri:0, instance:com.endava.ai.atf.ui.RegistrationAddressAutofillTests@18df8434]" started-at="2026-06-09T12:31:00 EEST" name="tearDown" finished-at="2026-06-09T12:31:01 EEST" duration-ms="359" status="PASS">
          <reporter-output>
          </reporter-output>
        </test-method> <!-- tearDown -->
      </class> <!-- com.endava.ai.atf.ui.RegistrationAddressAutofillTests -->
    </test> <!-- Surefire test -->
  </suite> <!-- Surefire suite -->
</testng-results>
