<?xml version="1.0" encoding="UTF-8"?>
<testng-results ignored="0" total="1" passed="1" failed="0" skipped="0">
  <reporter-output>
  </reporter-output>
  <suite started-at="2026-06-09T12:32:15 EEST" name="Surefire suite" finished-at="2026-06-09T12:32:30 EEST" duration-ms="14910">
    <groups>
    </groups>
    <test started-at="2026-06-09T12:32:15 EEST" name="Surefire test" finished-at="2026-06-09T12:32:30 EEST" duration-ms="14910">
      <class name="com.endava.ai.atf.ui.RegistrationTests">
        <test-method is-config="true" signature="setUp()[pri:0, instance:com.endava.ai.atf.ui.RegistrationTests@229c6181]" started-at="2026-06-09T12:32:15 EEST" name="setUp" finished-at="2026-06-09T12:32:28 EEST" duration-ms="12395" status="PASS">
          <reporter-output>
          </reporter-output>
        </test-method> <!-- setUp -->
        <test-method is-config="true" signature="installRegistrationSubmitMock()[pri:0, instance:com.endava.ai.atf.ui.RegistrationTests@229c6181]" started-at="2026-06-09T12:32:28 EEST" name="installRegistrationSubmitMock" finished-at="2026-06-09T12:32:28 EEST" duration-ms="197" status="PASS">
          <reporter-output>
          </reporter-output>
        </test-method> <!-- installRegistrationSubmitMock -->
        <test-method is-config="true" signature="before()[pri:0, instance:com.endava.ai.atf.ui.RegistrationTests@229c6181]" started-at="2026-06-09T12:32:28 EEST" name="before" finished-at="2026-06-09T12:32:28 EEST" duration-ms="4" status="PASS">
          <reporter-output>
          </reporter-output>
        </test-method> <!-- before -->
        <test-method signature="negative_invalid_email_should_fail()[pri:0, instance:com.endava.ai.atf.ui.RegistrationTests@229c6181]" started-at="2026-06-09T12:32:28 EEST" name="negative_invalid_email_should_fail" description="Negative: invalid email format should not redirect to login" finished-at="2026-06-09T12:32:29 EEST" duration-ms="1543" status="PASS">
          <reporter-output>
          </reporter-output>
        </test-method> <!-- negative_invalid_email_should_fail -->
        <test-method is-config="true" signature="tearDown()[pri:0, instance:com.endava.ai.atf.ui.RegistrationTests@229c6181]" started-at="2026-06-09T12:32:30 EEST" name="tearDown" finished-at="2026-06-09T12:32:30 EEST" duration-ms="311" status="PASS">
          <reporter-output>
          </reporter-output>
        </test-method> <!-- tearDown -->
      </class> <!-- com.endava.ai.atf.ui.RegistrationTests -->
    </test> <!-- Surefire test -->
  </suite> <!-- Surefire suite -->
</testng-results>
