<?xml version="1.0" encoding="UTF-8"?>
<!-- Generated by org.testng.reporters.JUnitReportReporter -->
<testsuite hostname="ENDAUTOv8Z9nN05" failures="0" tests="5" name="com.endava.ai.atf.ui.customer.CustomerFavoriteSessionPersistenceOwnershipTests" time="43.098" errors="0" timestamp="2026-06-17T12:26:52 EEST" skipped="0">
  <testcase classname="com.endava.ai.atf.ui.customer.CustomerFavoriteSessionPersistenceOwnershipTests" name="favorite_product_persists_after_sign_out_and_sign_in" time="7.880"/>
  <testcase classname="com.endava.ai.atf.ui.customer.CustomerFavoriteSessionPersistenceOwnershipTests" name="favorite_reopens_after_sign_out_login_and_account_overview_detour" time="8.116"/>
  <testcase classname="com.endava.ai.atf.ui.customer.CustomerFavoriteSessionPersistenceOwnershipTests" name="favorite_description_reopens_after_reauthentication" time="8.816"/>
  <testcase classname="com.endava.ai.atf.ui.customer.CustomerFavoriteSessionPersistenceOwnershipTests" name="favorite_reopens_from_login_boundary_not_guest_checkout" time="7.464"/>
  <testcase classname="com.endava.ai.atf.ui.customer.CustomerFavoriteSessionPersistenceOwnershipTests" name="favorite_count_remains_one_after_reauthentication" time="10.822"/>
</testsuite> <!-- com.endava.ai.atf.ui.customer.CustomerFavoriteSessionPersistenceOwnershipTests -->
