<?xml version="1.0" encoding="UTF-8"?>
<testng-results ignored="0" total="8" passed="8" failed="0" skipped="0">
  <reporter-output>
  </reporter-output>
  <suite started-at="2026-06-10T11:07:24 EEST" name="Surefire suite" finished-at="2026-06-10T11:07:27 EEST" duration-ms="2763">
    <groups>
    </groups>
    <test started-at="2026-06-10T11:07:24 EEST" name="Surefire test" finished-at="2026-06-10T11:07:27 EEST" duration-ms="2763">
      <class name="com.endava.ai.atf.ui.component.AuthenticatedContinuationContractTest">
        <test-method signature="authenticated_account_validation_waits_for_account_url_and_profile_navigation()[pri:0, instance:com.endava.ai.atf.ui.component.AuthenticatedContinuationContractTest@1e1a0406]" started-at="2026-06-10T11:07:24 EEST" name="authenticated_account_validation_waits_for_account_url_and_profile_navigation" finished-at="2026-06-10T11:07:24 EEST" duration-ms="50" status="PASS">
          <reporter-output>
          </reporter-output>
        </test-method> <!-- authenticated_account_validation_waits_for_account_url_and_profile_navigation -->
        <test-method is-config="true" signature="tearDown()[pri:0, instance:com.endava.ai.atf.ui.component.AuthenticatedContinuationContractTest@1e1a0406]" started-at="2026-06-10T11:07:24 EEST" name="tearDown" finished-at="2026-06-10T11:07:24 EEST" duration-ms="0" status="PASS">
          <reporter-output>
          </reporter-output>
        </test-method> <!-- tearDown -->
        <test-method signature="change_password_workflow_types_current_new_and_confirm_then_submits()[pri:0, instance:com.endava.ai.atf.ui.component.AuthenticatedContinuationContractTest@1e1a0406]" started-at="2026-06-10T11:07:24 EEST" name="change_password_workflow_types_current_new_and_confirm_then_submits" finished-at="2026-06-10T11:07:24 EEST" duration-ms="0" status="PASS">
          <reporter-output>
          </reporter-output>
        </test-method> <!-- change_password_workflow_types_current_new_and_confirm_then_submits -->
        <test-method is-config="true" signature="tearDown()[pri:0, instance:com.endava.ai.atf.ui.component.AuthenticatedContinuationContractTest@1e1a0406]" started-at="2026-06-10T11:07:24 EEST" name="tearDown" finished-at="2026-06-10T11:07:24 EEST" duration-ms="16" status="PASS">
          <reporter-output>
          </reporter-output>
        </test-method> <!-- tearDown -->
        <test-method signature="favorites_navigation_clicks_favorites_entry_from_account_surface()[pri:0, instance:com.endava.ai.atf.ui.component.AuthenticatedContinuationContractTest@1e1a0406]" started-at="2026-06-10T11:07:24 EEST" name="favorites_navigation_clicks_favorites_entry_from_account_surface" finished-at="2026-06-10T11:07:24 EEST" duration-ms="0" status="PASS">
          <reporter-output>
          </reporter-output>
        </test-method> <!-- favorites_navigation_clicks_favorites_entry_from_account_surface -->
        <test-method is-config="true" signature="tearDown()[pri:0, instance:com.endava.ai.atf.ui.component.AuthenticatedContinuationContractTest@1e1a0406]" started-at="2026-06-10T11:07:24 EEST" name="tearDown" finished-at="2026-06-10T11:07:24 EEST" duration-ms="0" status="PASS">
          <reporter-output>
          </reporter-output>
        </test-method> <!-- tearDown -->
        <test-method signature="login_service_types_credentials_and_submits_login()[pri:0, instance:com.endava.ai.atf.ui.component.AuthenticatedContinuationContractTest@1e1a0406]" started-at="2026-06-10T11:07:24 EEST" name="login_service_types_credentials_and_submits_login" finished-at="2026-06-10T11:07:24 EEST" duration-ms="0" status="PASS">
          <reporter-output>
          </reporter-output>
        </test-method> <!-- login_service_types_credentials_and_submits_login -->
        <test-method signature="open_profile_chain_waits_for_account_then_profile_then_loaded_value()[pri:0, instance:com.endava.ai.atf.ui.component.AuthenticatedContinuationContractTest@1e1a0406]" started-at="2026-06-10T11:07:24 EEST" name="open_profile_chain_waits_for_account_then_profile_then_loaded_value" finished-at="2026-06-10T11:07:24 EEST" duration-ms="261" status="PASS">
          <reporter-output>
          </reporter-output>
        </test-method> <!-- open_profile_chain_waits_for_account_then_profile_then_loaded_value -->
        <test-method is-config="true" signature="tearDown()[pri:0, instance:com.endava.ai.atf.ui.component.AuthenticatedContinuationContractTest@1e1a0406]" started-at="2026-06-10T11:07:24 EEST" name="tearDown" finished-at="2026-06-10T11:07:24 EEST" duration-ms="0" status="PASS">
          <reporter-output>
          </reporter-output>
        </test-method> <!-- tearDown -->
        <test-method is-config="true" signature="tearDown()[pri:0, instance:com.endava.ai.atf.ui.component.AuthenticatedContinuationContractTest@1e1a0406]" started-at="2026-06-10T11:07:24 EEST" name="tearDown" finished-at="2026-06-10T11:07:24 EEST" duration-ms="0" status="PASS">
          <reporter-output>
          </reporter-output>
        </test-method> <!-- tearDown -->
        <test-method signature="password_change_success_validation_retries_until_banner_text_is_present()[pri:0, instance:com.endava.ai.atf.ui.component.AuthenticatedContinuationContractTest@1e1a0406]" started-at="2026-06-10T11:07:24 EEST" name="password_change_success_validation_retries_until_banner_text_is_present" finished-at="2026-06-10T11:07:24 EEST" duration-ms="253" status="PASS">
          <reporter-output>
          </reporter-output>
        </test-method> <!-- password_change_success_validation_retries_until_banner_text_is_present -->
        <test-method signature="profile_navigation_clicks_profile_tab_and_waits_for_profile_surface()[pri:0, instance:com.endava.ai.atf.ui.component.AuthenticatedContinuationContractTest@1e1a0406]" started-at="2026-06-10T11:07:24 EEST" name="profile_navigation_clicks_profile_tab_and_waits_for_profile_surface" finished-at="2026-06-10T11:07:24 EEST" duration-ms="6" status="PASS">
          <reporter-output>
          </reporter-output>
        </test-method> <!-- profile_navigation_clicks_profile_tab_and_waits_for_profile_surface -->
        <test-method is-config="true" signature="tearDown()[pri:0, instance:com.endava.ai.atf.ui.component.AuthenticatedContinuationContractTest@1e1a0406]" started-at="2026-06-10T11:07:24 EEST" name="tearDown" finished-at="2026-06-10T11:07:24 EEST" duration-ms="0" status="PASS">
          <reporter-output>
          </reporter-output>
        </test-method> <!-- tearDown -->
        <test-method signature="profile_validation_retries_until_expected_values_materialize()[pri:0, instance:com.endava.ai.atf.ui.component.AuthenticatedContinuationContractTest@1e1a0406]" started-at="2026-06-10T11:07:24 EEST" name="profile_validation_retries_until_expected_values_materialize" finished-at="2026-06-10T11:07:27 EEST" duration-ms="2055" status="PASS">
          <reporter-output>
          </reporter-output>
        </test-method> <!-- profile_validation_retries_until_expected_values_materialize -->
        <test-method is-config="true" signature="tearDown()[pri:0, instance:com.endava.ai.atf.ui.component.AuthenticatedContinuationContractTest@1e1a0406]" started-at="2026-06-10T11:07:24 EEST" name="tearDown" finished-at="2026-06-10T11:07:24 EEST" duration-ms="0" status="PASS">
          <reporter-output>
          </reporter-output>
        </test-method> <!-- tearDown -->
        <test-method is-config="true" signature="tearDown()[pri:0, instance:com.endava.ai.atf.ui.component.AuthenticatedContinuationContractTest@1e1a0406]" started-at="2026-06-10T11:07:27 EEST" name="tearDown" finished-at="2026-06-10T11:07:27 EEST" duration-ms="0" status="PASS">
          <reporter-output>
          </reporter-output>
        </test-method> <!-- tearDown -->
      </class> <!-- com.endava.ai.atf.ui.component.AuthenticatedContinuationContractTest -->
    </test> <!-- Surefire test -->
  </suite> <!-- Surefire suite -->
</testng-results>
