<?xml version="1.0" encoding="UTF-8"?>
<!-- Generated by org.testng.reporters.JUnitReportReporter -->
<testsuite hostname="ENDAUTOv8Z9nN05" failures="0" tests="1" name="com.endava.ai.ui.tests.RegisteredCustomerProfilePersistenceTests" time="6.789" errors="0" timestamp="2026-06-14T13:58:31 EEST" skipped="0">
  <testcase classname="com.endava.ai.ui.tests.RegisteredCustomerProfilePersistenceTests" name="registered_customer_profile_keeps_registered_identity_and_address_after_login" time="6.789"/>
</testsuite> <!-- com.endava.ai.ui.tests.RegisteredCustomerProfilePersistenceTests -->
