<?xml version="1.0" encoding="UTF-8"?>
<!-- Generated by org.testng.reporters.JUnitReportReporter -->
<testsuite hostname="ENDAUTOv8Z9nN05" failures="0" tests="5" name="com.endava.ai.atf.ui.customer.CustomerFavoriteAcquisitionOwnershipTests" time="42.305" errors="0" timestamp="2026-06-17T12:18:17 EEST" skipped="0">
  <testcase classname="com.endava.ai.atf.ui.customer.CustomerFavoriteAcquisitionOwnershipTests" name="favorite_row_carries_same_product_name_as_product_detail" time="10.825"/>
  <testcase classname="com.endava.ai.atf.ui.customer.CustomerFavoriteAcquisitionOwnershipTests" name="favorite_collection_stays_under_account_url_after_add" time="7.353"/>
  <testcase classname="com.endava.ai.atf.ui.customer.CustomerFavoriteAcquisitionOwnershipTests" name="favorites_route_replaces_empty_state_with_owned_product_row" time="5.815"/>
  <testcase classname="com.endava.ai.atf.ui.customer.CustomerFavoriteAcquisitionOwnershipTests" name="authenticated_customer_adds_product_into_favorites_collection" time="13.119"/>
  <testcase classname="com.endava.ai.atf.ui.customer.CustomerFavoriteAcquisitionOwnershipTests" name="favorite_row_keeps_product_description_visible" time="5.193"/>
</testsuite> <!-- com.endava.ai.atf.ui.customer.CustomerFavoriteAcquisitionOwnershipTests -->
