<?xml version="1.0" encoding="UTF-8"?>
<testng-results ignored="0" total="1" passed="1" failed="0" skipped="0">
  <reporter-output>
  </reporter-output>
  <suite started-at="2026-06-10T11:06:56 EEST" name="Surefire suite" finished-at="2026-06-10T11:06:58 EEST" duration-ms="2226">
    <groups>
    </groups>
    <test started-at="2026-06-10T11:06:56 EEST" name="Surefire test" finished-at="2026-06-10T11:06:58 EEST" duration-ms="2226">
      <class name="com.endava.ai.atf.ui.component.AuthenticatedContinuationContractTest">
        <test-method signature="profile_validation_retries_until_expected_values_materialize()[pri:0, instance:com.endava.ai.atf.ui.component.AuthenticatedContinuationContractTest@1e1a0406]" started-at="2026-06-10T11:06:56 EEST" name="profile_validation_retries_until_expected_values_materialize" finished-at="2026-06-10T11:06:58 EEST" duration-ms="2119" status="PASS">
          <reporter-output>
          </reporter-output>
        </test-method> <!-- profile_validation_retries_until_expected_values_materialize -->
        <test-method is-config="true" signature="tearDown()[pri:0, instance:com.endava.ai.atf.ui.component.AuthenticatedContinuationContractTest@1e1a0406]" started-at="2026-06-10T11:06:58 EEST" name="tearDown" finished-at="2026-06-10T11:06:58 EEST" duration-ms="6" status="PASS">
          <reporter-output>
          </reporter-output>
        </test-method> <!-- tearDown -->
      </class> <!-- com.endava.ai.atf.ui.component.AuthenticatedContinuationContractTest -->
    </test> <!-- Surefire test -->
  </suite> <!-- Surefire suite -->
</testng-results>
