<?xml version="1.0" encoding="UTF-8"?>
<testng-results ignored="0" total="5" passed="5" failed="0" skipped="0">
  <reporter-output>
  </reporter-output>
  <suite started-at="2026-06-14T19:29:33 EEST" name="Surefire suite" finished-at="2026-06-14T19:30:43 EEST" duration-ms="70615">
    <groups>
    </groups>
    <test started-at="2026-06-14T19:29:33 EEST" name="Surefire test" finished-at="2026-06-14T19:30:43 EEST" duration-ms="70615">
      <class name="com.endava.ai.ui.tests.AuthenticatedContactMessageReplyGapPersistenceTests">
        <test-method is-config="true" signature="setUp()[pri:0, instance:com.endava.ai.ui.tests.AuthenticatedContactMessageReplyGapPersistenceTests@6221a451]" started-at="2026-06-14T19:30:26 EEST" name="setUp" finished-at="2026-06-14T19:30:28 EEST" duration-ms="2397" status="PASS">
          <reporter-output>
          </reporter-output>
        </test-method> <!-- setUp -->
        <test-method is-config="true" signature="before()[pri:0, instance:com.endava.ai.ui.tests.AuthenticatedContactMessageReplyGapPersistenceTests@6221a451]" started-at="2026-06-14T19:30:28 EEST" name="before" finished-at="2026-06-14T19:30:28 EEST" duration-ms="23" status="PASS">
          <reporter-output>
          </reporter-output>
        </test-method> <!-- before -->
        <test-method signature="authenticated_customer_keeps_the_original_thread_as_new_after_attempted_reply_and_relogin()[pri:0, instance:com.endava.ai.ui.tests.AuthenticatedContactMessageReplyGapPersistenceTests@6221a451]" started-at="2026-06-14T19:30:28 EEST" name="authenticated_customer_keeps_the_original_thread_as_new_after_attempted_reply_and_relogin" description="Authenticated customer keeps the original thread as NEW after the attempted reply and a fresh relogin" finished-at="2026-06-14T19:30:42 EEST" duration-ms="14044" status="PASS">
          <reporter-output>
          </reporter-output>
        </test-method> <!-- authenticated_customer_keeps_the_original_thread_as_new_after_attempted_reply_and_relogin -->
        <test-method is-config="true" signature="tearDown()[pri:0, instance:com.endava.ai.ui.tests.AuthenticatedContactMessageReplyGapPersistenceTests@6221a451]" started-at="2026-06-14T19:30:43 EEST" name="tearDown" finished-at="2026-06-14T19:30:43 EEST" duration-ms="575" status="PASS">
          <reporter-output>
          </reporter-output>
        </test-method> <!-- tearDown -->
      </class> <!-- com.endava.ai.ui.tests.AuthenticatedContactMessageReplyGapPersistenceTests -->
      <class name="com.endava.ai.ui.tests.AuthenticatedContactMessageReloginPersistenceTests">
        <test-method is-config="true" signature="setUp()[pri:0, instance:com.endava.ai.ui.tests.AuthenticatedContactMessageReloginPersistenceTests@2e6a8155]" started-at="2026-06-14T19:30:14 EEST" name="setUp" finished-at="2026-06-14T19:30:16 EEST" duration-ms="2257" status="PASS">
          <reporter-output>
          </reporter-output>
        </test-method> <!-- setUp -->
        <test-method is-config="true" signature="before()[pri:0, instance:com.endava.ai.ui.tests.AuthenticatedContactMessageReloginPersistenceTests@2e6a8155]" started-at="2026-06-14T19:30:16 EEST" name="before" finished-at="2026-06-14T19:30:16 EEST" duration-ms="34" status="PASS">
          <reporter-output>
          </reporter-output>
        </test-method> <!-- before -->
        <test-method signature="authenticated_customer_can_relogin_and_still_find_the_message_thread_in_the_account_list()[pri:0, instance:com.endava.ai.ui.tests.AuthenticatedContactMessageReloginPersistenceTests@2e6a8155]" started-at="2026-06-14T19:30:16 EEST" name="authenticated_customer_can_relogin_and_still_find_the_message_thread_in_the_account_list" description="Authenticated customer can relogin and still find the newly materialized message thread in the account list" finished-at="2026-06-14T19:30:25 EEST" duration-ms="9154" status="PASS">
          <reporter-output>
          </reporter-output>
        </test-method> <!-- authenticated_customer_can_relogin_and_still_find_the_message_thread_in_the_account_list -->
        <test-method is-config="true" signature="tearDown()[pri:0, instance:com.endava.ai.ui.tests.AuthenticatedContactMessageReloginPersistenceTests@2e6a8155]" started-at="2026-06-14T19:30:25 EEST" name="tearDown" finished-at="2026-06-14T19:30:26 EEST" duration-ms="504" status="PASS">
          <reporter-output>
          </reporter-output>
        </test-method> <!-- tearDown -->
      </class> <!-- com.endava.ai.ui.tests.AuthenticatedContactMessageReloginPersistenceTests -->
      <class name="com.endava.ai.ui.tests.AuthenticatedContactMessageDetailReopenTests">
        <test-method is-config="true" signature="setUp()[pri:0, instance:com.endava.ai.ui.tests.AuthenticatedContactMessageDetailReopenTests@6fdbe764]" started-at="2026-06-14T19:29:53 EEST" name="setUp" finished-at="2026-06-14T19:29:55 EEST" duration-ms="2159" status="PASS">
          <reporter-output>
          </reporter-output>
        </test-method> <!-- setUp -->
        <test-method is-config="true" signature="before()[pri:0, instance:com.endava.ai.ui.tests.AuthenticatedContactMessageDetailReopenTests@6fdbe764]" started-at="2026-06-14T19:29:55 EEST" name="before" finished-at="2026-06-14T19:29:55 EEST" duration-ms="17" status="PASS">
          <reporter-output>
          </reporter-output>
        </test-method> <!-- before -->
        <test-method signature="authenticated_customer_can_relogin_and_reopen_the_materialized_thread_details()[pri:0, instance:com.endava.ai.ui.tests.AuthenticatedContactMessageDetailReopenTests@6fdbe764]" started-at="2026-06-14T19:29:55 EEST" name="authenticated_customer_can_relogin_and_reopen_the_materialized_thread_details" description="Authenticated customer can relogin, reopen the materialized thread details and keep the original body intact" finished-at="2026-06-14T19:30:05 EEST" duration-ms="9050" status="PASS">
          <reporter-output>
          </reporter-output>
        </test-method> <!-- authenticated_customer_can_relogin_and_reopen_the_materialized_thread_details -->
        <test-method is-config="true" signature="tearDown()[pri:0, instance:com.endava.ai.ui.tests.AuthenticatedContactMessageDetailReopenTests@6fdbe764]" started-at="2026-06-14T19:30:05 EEST" name="tearDown" finished-at="2026-06-14T19:30:05 EEST" duration-ms="333" status="PASS">
          <reporter-output>
          </reporter-output>
        </test-method> <!-- tearDown -->
      </class> <!-- com.endava.ai.ui.tests.AuthenticatedContactMessageDetailReopenTests -->
      <class name="com.endava.ai.ui.tests.AuthenticatedContactMessageMaterializationTests">
        <test-method is-config="true" signature="setUp()[pri:0, instance:com.endava.ai.ui.tests.AuthenticatedContactMessageMaterializationTests@51c668e3]" started-at="2026-06-14T19:30:05 EEST" name="setUp" finished-at="2026-06-14T19:30:07 EEST" duration-ms="1820" status="PASS">
          <reporter-output>
          </reporter-output>
        </test-method> <!-- setUp -->
        <test-method is-config="true" signature="before()[pri:0, instance:com.endava.ai.ui.tests.AuthenticatedContactMessageMaterializationTests@51c668e3]" started-at="2026-06-14T19:30:07 EEST" name="before" finished-at="2026-06-14T19:30:07 EEST" duration-ms="67" status="PASS">
          <reporter-output>
          </reporter-output>
        </test-method> <!-- before -->
        <test-method signature="authenticated_customer_can_submit_contact_and_materialize_the_thread_inside_account_messages()[pri:0, instance:com.endava.ai.ui.tests.AuthenticatedContactMessageMaterializationTests@51c668e3]" started-at="2026-06-14T19:30:07 EEST" name="authenticated_customer_can_submit_contact_and_materialize_the_thread_inside_account_messages" description="Authenticated customer can submit the contact form and materialize the new thread inside account messages" finished-at="2026-06-14T19:30:13 EEST" duration-ms="6241" status="PASS">
          <reporter-output>
          </reporter-output>
        </test-method> <!-- authenticated_customer_can_submit_contact_and_materialize_the_thread_inside_account_messages -->
        <test-method is-config="true" signature="tearDown()[pri:0, instance:com.endava.ai.ui.tests.AuthenticatedContactMessageMaterializationTests@51c668e3]" started-at="2026-06-14T19:30:13 EEST" name="tearDown" finished-at="2026-06-14T19:30:14 EEST" duration-ms="301" status="PASS">
          <reporter-output>
          </reporter-output>
        </test-method> <!-- tearDown -->
      </class> <!-- com.endava.ai.ui.tests.AuthenticatedContactMessageMaterializationTests -->
      <class name="com.endava.ai.ui.tests.AuthenticatedAccountMessagesTests">
        <test-method is-config="true" signature="setUp()[pri:0, instance:com.endava.ai.ui.tests.AuthenticatedAccountMessagesTests@7d4f9aae]" started-at="2026-06-14T19:29:33 EEST" name="setUp" finished-at="2026-06-14T19:29:47 EEST" duration-ms="14074" status="PASS">
          <reporter-output>
          </reporter-output>
        </test-method> <!-- setUp -->
        <test-method is-config="true" signature="before()[pri:0, instance:com.endava.ai.ui.tests.AuthenticatedAccountMessagesTests@7d4f9aae]" started-at="2026-06-14T19:29:47 EEST" name="before" finished-at="2026-06-14T19:29:47 EEST" duration-ms="26" status="PASS">
          <reporter-output>
          </reporter-output>
        </test-method> <!-- before -->
        <test-method signature="authenticated_customer_can_open_messages_and_receives_the_empty_state_guidance()[pri:0, instance:com.endava.ai.ui.tests.AuthenticatedAccountMessagesTests@7d4f9aae]" started-at="2026-06-14T19:29:47 EEST" name="authenticated_customer_can_open_messages_and_receives_the_empty_state_guidance" description="Authenticated customer can open the messages route and receives the empty-state guidance toward contact" finished-at="2026-06-14T19:29:53 EEST" duration-ms="5778" status="PASS">
          <reporter-output>
          </reporter-output>
        </test-method> <!-- authenticated_customer_can_open_messages_and_receives_the_empty_state_guidance -->
        <test-method is-config="true" signature="tearDown()[pri:0, instance:com.endava.ai.ui.tests.AuthenticatedAccountMessagesTests@7d4f9aae]" started-at="2026-06-14T19:29:53 EEST" name="tearDown" finished-at="2026-06-14T19:29:53 EEST" duration-ms="392" status="PASS">
          <reporter-output>
          </reporter-output>
        </test-method> <!-- tearDown -->
      </class> <!-- com.endava.ai.ui.tests.AuthenticatedAccountMessagesTests -->
    </test> <!-- Surefire test -->
  </suite> <!-- Surefire suite -->
</testng-results>
