<?xml version="1.0" encoding="UTF-8"?>
<!-- Generated by org.testng.reporters.JUnitReportReporter -->
<testsuite hostname="ENDAUTOv8Z9nN05" failures="0" tests="5" name="com.endava.ai.atf.ui.customer.CustomerFavoriteOwnershipSeparationTests" time="41.851" errors="0" timestamp="2026-06-17T12:30:19 EEST" skipped="0">
  <testcase classname="com.endava.ai.atf.ui.customer.CustomerFavoriteOwnershipSeparationTests" name="anonymous_visitor_cannot_open_favorites_after_guest_add_attempt" time="4.772"/>
  <testcase classname="com.endava.ai.atf.ui.customer.CustomerFavoriteOwnershipSeparationTests" name="first_customer_reopens_own_favorite_after_second_customer_session" time="15.178"/>
  <testcase classname="com.endava.ai.atf.ui.customer.CustomerFavoriteOwnershipSeparationTests" name="guest_attempt_does_not_create_owned_favorite_after_later_login" time="6.358"/>
  <testcase classname="com.endava.ai.atf.ui.customer.CustomerFavoriteOwnershipSeparationTests" name="second_customer_does_not_inherit_first_customer_favorite" time="13.351"/>
  <testcase classname="com.endava.ai.atf.ui.customer.CustomerFavoriteOwnershipSeparationTests" name="unauthorized_feedback_does_not_replace_sign_in_boundary" time="2.192"/>
</testsuite> <!-- com.endava.ai.atf.ui.customer.CustomerFavoriteOwnershipSeparationTests -->
