<?xml version="1.0" encoding="UTF-8"?>
<!-- Generated by org.testng.reporters.JUnitReportReporter -->
<testsuite hostname="ENDAUTOv8Z9nN05" failures="0" tests="1" name="com.endava.ai.ui.tests.AuthenticatedContactMessageReloginPersistenceTests" time="9.153" errors="0" timestamp="2026-06-14T14:03:51 EEST" skipped="0">
  <testcase classname="com.endava.ai.ui.tests.AuthenticatedContactMessageReloginPersistenceTests" name="authenticated_customer_can_relogin_and_still_find_the_message_thread_in_the_account_list" time="9.153"/>
</testsuite> <!-- com.endava.ai.ui.tests.AuthenticatedContactMessageReloginPersistenceTests -->
