<?xml version="1.0" encoding="UTF-8"?>
<testsuite xmlns:xsi="http://www.w3.org/2001/XMLSchema-instance" xsi:noNamespaceSchemaLocation="https://maven.apache.org/surefire/maven-surefire-plugin/xsd/surefire-test-report-3.0.xsd" version="3.0" name="com.endava.ai.atf.ui.AuthenticatedPaymentMethodContractTests" time="59.26" tests="5" errors="0" skipped="0" failures="0">
  <properties>
[...]
</properties>
  <testcase name="run_01_authenticated_bnpl_requires_installment_choice_before_confirmation_and_then_succeeds" classname="com.endava.ai.atf.ui.AuthenticatedPaymentMethodContractTests" time="9.912">
    <system-out><![CDATA[  • Playwright pages after init: 1
▶ Authenticated payment method preconditions
▶ Clear browser session
  ✅ PASS: Session cleared
  ✅ PASS: Ready
▶ Open URL: https://practicesoftwaretesting.com/auth/register
  • base.url=https://practicesoftwaretesting.com
  • relativePath=/auth/register
  • Playwright pages after open: 1
  ✅ PASS: Opened
▶ Type into element: First name
  • locator=input[data-test='first-name']
  • value=John
  ✅ PASS: Typed
▶ Type into element: Last name
  • locator=input[data-test='last-name']
  • value=Doe
  ✅ PASS: Typed
▶ Type into element: Date of Birth
  • locator=input[data-test='dob']
  • value=1990-01-01
  ✅ PASS: Typed
▶ Type into element: Phone
  • locator=input[data-test='phone']
  • value=0712345678
  ✅ PASS: Typed
▶ Type into element: Email address
  • locator=input[data-test='email']
  • value=user_ptpvwslix2@example.com
  ✅ PASS: Typed
▶ Type into element: Password
  • locator=input[data-test='password']
  • value=Aa1@sMYZBy7x
  ✅ PASS: Typed
▶ Select option: Country
  • locator=select[data-test='country']
  • value=RO
  ✅ PASS: Selected
▶ Type into element: Postal code
  • locator=input[data-test='postal_code']
  • value=10001
  ✅ PASS: Typed
▶ Type into element: House number
  • locator=input[data-test='house_number']
  • value=5
  ✅ PASS: Typed
▶ Type into element: Street
  • locator=input[data-test='street']
  • value=Main Street 1
  ✅ PASS: Typed
▶ Type into element: City
  • locator=input[data-test='city']
  • value=Bucharest
  ✅ PASS: Typed
▶ Type into element: State
  • locator=input[data-test='state']
  • value=B
  ✅ PASS: Typed
▶ Click on: Register
  • locator=button[data-test='register-submit']
  ✅ PASS: Clicked
▶ Navigate to URL: https://practicesoftwaretesting.com/auth/login
  • base.url=https://practicesoftwaretesting.com
  • relativePath=/auth/login
  • Playwright pages after open: 1
  • Wait for URL contains: /auth/login
  ✅ PASS: Navigated
▶ Type into element: Email address
  • locator=input[data-test='email']
  • value=user_ptpvwslix2@example.com
  ✅ PASS: Typed
▶ Type into element: Password
  • locator=input[data-test='password']
  • value=Aa1@sMYZBy7x
  ✅ PASS: Typed
▶ Click on: Login
  • locator=input[data-test='login-submit']
  ✅ PASS: Clicked
▶ Navigate to URL: https://practicesoftwaretesting.com/
  • base.url=https://practicesoftwaretesting.com
  • relativePath=/
  • Playwright pages after open: 1
  • Wait for URL contains: /
  ✅ PASS: Navigated
▶ Click visible match on: First storefront product
  • locator=a[data-test^='product-']
  • visibleIndex=1
  ✅ PASS: Clicked visible match
▶ Click on: Add to cart
  • locator=button[data-test='add-to-cart']
  ✅ PASS: Clicked
▶ Get text from: body
  • locator=body
  • text=View the Documentation for this application.
Practice Black Box Testing & Bug Hunting
Testing Guide
🐛 Bug Hunting
Home
Categories 
Contact
John Doe 
 EN 
Photo by Helinton Fantin on Unsplash.
Combination Pliers

PliersForgeFlex Tools

$14.15
A
B
C
D
E

Versatile combination pliers designed for gripping, bending, and cutting wire with ease. Featuring chrome vanadium steel construction with induction-hardened cutting edges, these pliers deliver excellent grip and leverage for a wide range of tasks. The precision-machined jaws combine flat gripping surfaces with a pipe-grip section and integrated wire cutter for true multi-purpose functionality. Ergonomic bi-component handles reduce hand fatigue during extended use and provide a secure hold even with oily or gloved hands. The joint is precisely fitted to eliminate play and ensure smooth operation over thousands of cycles. Ideal for electricians, mechanics, and DIY enthusiasts tackling everyday projects around the workshop or job site.

Quantity
Add to cart
 Add to favourites
 Compare
Specifications
Handle Material	Bi-component
Length	200mm
Material	Chrome Vanadium Steel
Warranty	2years
Weight	340g
Related products
Pliers
More information
Bolt Cutters
More information
Long Nose Pliers
More information
Slip Joint Pliers
More information

This is a DEMO application (GitHub repo), used for software testing training purpose. | Privacy Policy | Banner photo by Barn Images on Unsplash.
  ✅ PASS: Text captured
▶ Get text from: body
  • locator=body
  • text=View the Documentation for this application.
Practice Black Box Testing & Bug Hunting
Testing Guide
🐛 Bug Hunting
Home
Categories 
Contact
John Doe 
 EN 
Photo by Helinton Fantin on Unsplash.
Combination Pliers

PliersForgeFlex Tools

$14.15
A
B
C
D
E

Versatile combination pliers designed for gripping, bending, and cutting wire with ease. Featuring chrome vanadium steel construction with induction-hardened cutting edges, these pliers deliver excellent grip and leverage for a wide range of tasks. The precision-machined jaws combine flat gripping surfaces with a pipe-grip section and integrated wire cutter for true multi-purpose functionality. Ergonomic bi-component handles reduce hand fatigue during extended use and provide a secure hold even with oily or gloved hands. The joint is precisely fitted to eliminate play and ensure smooth operation over thousands of cycles. Ideal for electricians, mechanics, and DIY enthusiasts tackling everyday projects around the workshop or job site.

Quantity
Add to cart
 Add to favourites
 Compare
Specifications
Handle Material	Bi-component
Length	200mm
Material	Chrome Vanadium Steel
Warranty	2years
Weight	340g
Related products
Pliers
More information
Bolt Cutters
More information
Long Nose Pliers
More information
Slip Joint Pliers
More information

This is a DEMO application (GitHub repo), used for software testing training purpose. | Privacy Policy | Banner photo by Barn Images on Unsplash.
  ✅ PASS: Text captured
▶ Get text from: body
  • locator=body
  • text=View the Documentation for this application.
Practice Black Box Testing & Bug Hunting
Testing Guide
🐛 Bug Hunting
Home
Categories 
Contact
John Doe 
 EN 
Photo by Helinton Fantin on Unsplash.
Combination Pliers

PliersForgeFlex Tools

$14.15
A
B
C
D
E

Versatile combination pliers designed for gripping, bending, and cutting wire with ease. Featuring chrome vanadium steel construction with induction-hardened cutting edges, these pliers deliver excellent grip and leverage for a wide range of tasks. The precision-machined jaws combine flat gripping surfaces with a pipe-grip section and integrated wire cutter for true multi-purpose functionality. Ergonomic bi-component handles reduce hand fatigue during extended use and provide a secure hold even with oily or gloved hands. The joint is precisely fitted to eliminate play and ensure smooth operation over thousands of cycles. Ideal for electricians, mechanics, and DIY enthusiasts tackling everyday projects around the workshop or job site.

Quantity
Add to cart
 Add to favourites
 Compare
Specifications
Handle Material	Bi-component
Length	200mm
Material	Chrome Vanadium Steel
Warranty	2years
Weight	340g
Related products
Pliers
More information
Bolt Cutters
More information
Long Nose Pliers
More information
Slip Joint Pliers
More information

This is a DEMO application (GitHub repo), used for software testing training purpose. | Privacy Policy | Banner photo by Barn Images on Unsplash.
  ✅ PASS: Text captured
▶ Get text from: body
  • locator=body
  • text=View the Documentation for this application.
Practice Black Box Testing & Bug Hunting
Testing Guide
🐛 Bug Hunting
Home
Categories 
Contact
John Doe 
1
 EN 
Photo by Helinton Fantin on Unsplash.
Combination Pliers

PliersForgeFlex Tools

$14.15
A
B
C
D
E

Versatile combination pliers designed for gripping, bending, and cutting wire with ease. Featuring chrome vanadium steel construction with induction-hardened cutting edges, these pliers deliver excellent grip and leverage for a wide range of tasks. The precision-machined jaws combine flat gripping surfaces with a pipe-grip section and integrated wire cutter for true multi-purpose functionality. Ergonomic bi-component handles reduce hand fatigue during extended use and provide a secure hold even with oily or gloved hands. The joint is precisely fitted to eliminate play and ensure smooth operation over thousands of cycles. Ideal for electricians, mechanics, and DIY enthusiasts tackling everyday projects around the workshop or job site.

Quantity
Add to cart
 Add to favourites
 Compare
Specifications
Handle Material	Bi-component
Length	200mm
Material	Chrome Vanadium Steel
Warranty	2years
Weight	340g
Related products
Pliers
More information
Bolt Cutters
More information
Long Nose Pliers
More information
Slip Joint Pliers
More information

This is a DEMO application (GitHub repo), used for software testing training purpose. | Privacy Policy | Banner photo by Barn Images on Unsplash.

Product added to shopping cart.
  ✅ PASS: Text captured
▶ Click on: Cart
  • locator=a[data-test='nav-cart']
  ✅ PASS: Clicked
▶ Get text from: Cart product title
  • locator=[data-test='product-title']
  • text=Combination Pliers 
  ✅ PASS: Text captured
▶ Click on: Proceed to checkout from cart
  • locator=button[data-test='proceed-1']
  ✅ PASS: Clicked
▶ Click on: Proceed as authenticated user
  • locator=button[data-test='proceed-2']
  ✅ PASS: Clicked
▶ Select option: Billing country
  • locator=select[data-test='country']
  • value=RO
  ✅ PASS: Selected
▶ Type into element: Billing postal code
  • locator=input[data-test='postal_code']
  • value=10001
  ✅ PASS: Typed
▶ Type into element: Billing house number
  • locator=input[data-test='house_number']
  • value=5
  ✅ PASS: Typed
▶ Type into element: Billing street
  • locator=input[data-test='street']
  • value=Main Street 1
  ✅ PASS: Typed
▶ Type into element: Billing city
  • locator=input[data-test='city']
  • value=Bucharest
  ✅ PASS: Typed
▶ Type into element: Billing state
  • locator=input[data-test='state']
  • value=B
  ✅ PASS: Typed
▶ Click on: Proceed to payment
  • locator=button[data-test='proceed-3']
  ✅ PASS: Clicked
▶ Select option: Authenticated payment method
  • locator=select[data-test='payment-method']
  • value=Buy Now Pay Later
  ✅ PASS: Selected
▶ Validate: BNPL monthly installments is visible
  • Wait for condition: BNPL monthly installments is visible
  ✅ PASS: Validated
▶ Validate: BNPL confirm stays blocked before installment choice
  • Wait for condition: BNPL confirm stays blocked before installment choice
  ✅ PASS: Validated
▶ Select option: Monthly installments
  • locator=select[data-test='monthly_installments']
  • value=3 Monthly Installments
  ✅ PASS: Selected
▶ Validate: BNPL confirm becomes enabled after installment choice
  • Wait for condition: BNPL confirm becomes enabled after installment choice
  ✅ PASS: Validated
▶ Click on: Confirm authenticated payment
  • locator=button[data-test='finish']
  ✅ PASS: Clicked
▶ Get text from: Payment success message
  • locator=div[data-test='payment-success-message']
  • text=Payment was successful
  ✅ PASS: Text captured
]]></system-out>
    <system-err><![CDATA[SLF4J: Failed to load class "org.slf4j.impl.StaticLoggerBinder".
SLF4J: Defaulting to no-operation (NOP) logger implementation
SLF4J: See http://www.slf4j.org/codes.html#StaticLoggerBinder for further details.
]]></system-err>
  </testcase>
  <testcase name="run_02_authenticated_credit_card_contract_disables_confirmation_after_card_data" classname="com.endava.ai.atf.ui.AuthenticatedPaymentMethodContractTests" time="6.326">
    <system-out><![CDATA[▶ Authenticated payment method preconditions
▶ Clear browser session
  ✅ PASS: Session cleared
  ✅ PASS: Ready
▶ Open URL: https://practicesoftwaretesting.com/auth/register
  • base.url=https://practicesoftwaretesting.com
  • relativePath=/auth/register
  • Playwright pages after open: 1
  ✅ PASS: Opened
▶ Type into element: First name
  • locator=input[data-test='first-name']
  • value=John
  ✅ PASS: Typed
▶ Type into element: Last name
  • locator=input[data-test='last-name']
  • value=Doe
  ✅ PASS: Typed
▶ Type into element: Date of Birth
  • locator=input[data-test='dob']
  • value=1990-01-01
  ✅ PASS: Typed
▶ Type into element: Phone
  • locator=input[data-test='phone']
  • value=0712345678
  ✅ PASS: Typed
▶ Type into element: Email address
  • locator=input[data-test='email']
  • value=user_zrosyimvvo@example.com
  ✅ PASS: Typed
▶ Type into element: Password
  • locator=input[data-test='password']
  • value=Aa1@VEPt05A8
  ✅ PASS: Typed
▶ Select option: Country
  • locator=select[data-test='country']
  • value=RO
  ✅ PASS: Selected
▶ Type into element: Postal code
  • locator=input[data-test='postal_code']
  • value=10001
  ✅ PASS: Typed
▶ Type into element: House number
  • locator=input[data-test='house_number']
  • value=5
  ✅ PASS: Typed
▶ Type into element: Street
  • locator=input[data-test='street']
  • value=Main Street 1
  ✅ PASS: Typed
▶ Type into element: City
  • locator=input[data-test='city']
  • value=Bucharest
  ✅ PASS: Typed
▶ Type into element: State
  • locator=input[data-test='state']
  • value=B
  ✅ PASS: Typed
▶ Click on: Register
  • locator=button[data-test='register-submit']
  ✅ PASS: Clicked
▶ Navigate to URL: https://practicesoftwaretesting.com/auth/login
  • base.url=https://practicesoftwaretesting.com
  • relativePath=/auth/login
  • Playwright pages after open: 1
  • Wait for URL contains: /auth/login
  ✅ PASS: Navigated
▶ Type into element: Email address
  • locator=input[data-test='email']
  • value=user_zrosyimvvo@example.com
  ✅ PASS: Typed
▶ Type into element: Password
  • locator=input[data-test='password']
  • value=Aa1@VEPt05A8
  ✅ PASS: Typed
▶ Click on: Login
  • locator=input[data-test='login-submit']
  ✅ PASS: Clicked
▶ Navigate to URL: https://practicesoftwaretesting.com/
  • base.url=https://practicesoftwaretesting.com
  • relativePath=/
  • Playwright pages after open: 1
  • Wait for URL contains: /
  ✅ PASS: Navigated
▶ Click visible match on: First storefront product
  • locator=a[data-test^='product-']
  • visibleIndex=1
  ✅ PASS: Clicked visible match
▶ Click on: Add to cart
  • locator=button[data-test='add-to-cart']
  ✅ PASS: Clicked
▶ Get text from: body
  • locator=body
  • text=View the Documentation for this application.
Practice Black Box Testing & Bug Hunting
Testing Guide
🐛 Bug Hunting
Home
Categories 
Contact
John Doe 
 EN 
Photo by Helinton Fantin on Unsplash.
Combination Pliers

PliersForgeFlex Tools

$14.15
A
B
C
D
E

Versatile combination pliers designed for gripping, bending, and cutting wire with ease. Featuring chrome vanadium steel construction with induction-hardened cutting edges, these pliers deliver excellent grip and leverage for a wide range of tasks. The precision-machined jaws combine flat gripping surfaces with a pipe-grip section and integrated wire cutter for true multi-purpose functionality. Ergonomic bi-component handles reduce hand fatigue during extended use and provide a secure hold even with oily or gloved hands. The joint is precisely fitted to eliminate play and ensure smooth operation over thousands of cycles. Ideal for electricians, mechanics, and DIY enthusiasts tackling everyday projects around the workshop or job site.

Quantity
Add to cart
 Add to favourites
 Compare
Specifications
Handle Material	Bi-component
Length	200mm
Material	Chrome Vanadium Steel
Warranty	2years
Weight	340g
Related products
Pliers
More information
Bolt Cutters
More information
Long Nose Pliers
More information
Slip Joint Pliers
More information

This is a DEMO application (GitHub repo), used for software testing training purpose. | Privacy Policy | Banner photo by Barn Images on Unsplash.
  ✅ PASS: Text captured
▶ Get text from: body
  • locator=body
  • text=View the Documentation for this application.
Practice Black Box Testing & Bug Hunting
Testing Guide
🐛 Bug Hunting
Home
Categories 
Contact
John Doe 
 EN 
Photo by Helinton Fantin on Unsplash.
Combination Pliers

PliersForgeFlex Tools

$14.15
A
B
C
D
E

Versatile combination pliers designed for gripping, bending, and cutting wire with ease. Featuring chrome vanadium steel construction with induction-hardened cutting edges, these pliers deliver excellent grip and leverage for a wide range of tasks. The precision-machined jaws combine flat gripping surfaces with a pipe-grip section and integrated wire cutter for true multi-purpose functionality. Ergonomic bi-component handles reduce hand fatigue during extended use and provide a secure hold even with oily or gloved hands. The joint is precisely fitted to eliminate play and ensure smooth operation over thousands of cycles. Ideal for electricians, mechanics, and DIY enthusiasts tackling everyday projects around the workshop or job site.

Quantity
Add to cart
 Add to favourites
 Compare
Specifications
Handle Material	Bi-component
Length	200mm
Material	Chrome Vanadium Steel
Warranty	2years
Weight	340g
Related products
Pliers
More information
Bolt Cutters
More information
Long Nose Pliers
More information
Slip Joint Pliers
More information

This is a DEMO application (GitHub repo), used for software testing training purpose. | Privacy Policy | Banner photo by Barn Images on Unsplash.
  ✅ PASS: Text captured
▶ Get text from: body
  • locator=body
  • text=View the Documentation for this application.
Practice Black Box Testing & Bug Hunting
Testing Guide
🐛 Bug Hunting
Home
Categories 
Contact
John Doe 
 EN 
Photo by Helinton Fantin on Unsplash.
Combination Pliers

PliersForgeFlex Tools

$14.15
A
B
C
D
E

Versatile combination pliers designed for gripping, bending, and cutting wire with ease. Featuring chrome vanadium steel construction with induction-hardened cutting edges, these pliers deliver excellent grip and leverage for a wide range of tasks. The precision-machined jaws combine flat gripping surfaces with a pipe-grip section and integrated wire cutter for true multi-purpose functionality. Ergonomic bi-component handles reduce hand fatigue during extended use and provide a secure hold even with oily or gloved hands. The joint is precisely fitted to eliminate play and ensure smooth operation over thousands of cycles. Ideal for electricians, mechanics, and DIY enthusiasts tackling everyday projects around the workshop or job site.

Quantity
Add to cart
 Add to favourites
 Compare
Specifications
Handle Material	Bi-component
Length	200mm
Material	Chrome Vanadium Steel
Warranty	2years
Weight	340g
Related products
Pliers
More information
Bolt Cutters
More information
Long Nose Pliers
More information
Slip Joint Pliers
More information

This is a DEMO application (GitHub repo), used for software testing training purpose. | Privacy Policy | Banner photo by Barn Images on Unsplash.
  ✅ PASS: Text captured
▶ Get text from: body
  • locator=body
  • text=View the Documentation for this application.
Practice Black Box Testing & Bug Hunting
Testing Guide
🐛 Bug Hunting
Home
Categories 
Contact
John Doe 
1
 EN 
Photo by Helinton Fantin on Unsplash.
Combination Pliers

PliersForgeFlex Tools

$14.15
A
B
C
D
E

Versatile combination pliers designed for gripping, bending, and cutting wire with ease. Featuring chrome vanadium steel construction with induction-hardened cutting edges, these pliers deliver excellent grip and leverage for a wide range of tasks. The precision-machined jaws combine flat gripping surfaces with a pipe-grip section and integrated wire cutter for true multi-purpose functionality. Ergonomic bi-component handles reduce hand fatigue during extended use and provide a secure hold even with oily or gloved hands. The joint is precisely fitted to eliminate play and ensure smooth operation over thousands of cycles. Ideal for electricians, mechanics, and DIY enthusiasts tackling everyday projects around the workshop or job site.

Quantity
Add to cart
 Add to favourites
 Compare
Specifications
Handle Material	Bi-component
Length	200mm
Material	Chrome Vanadium Steel
Warranty	2years
Weight	340g
Related products
Pliers
More information
Bolt Cutters
More information
Long Nose Pliers
More information
Slip Joint Pliers
More information

This is a DEMO application (GitHub repo), used for software testing training purpose. | Privacy Policy | Banner photo by Barn Images on Unsplash.

Product added to shopping cart.
  ✅ PASS: Text captured
▶ Click on: Cart
  • locator=a[data-test='nav-cart']
  ✅ PASS: Clicked
▶ Get text from: Cart product title
  • locator=[data-test='product-title']
  • text=Combination Pliers 
  ✅ PASS: Text captured
▶ Click on: Proceed to checkout from cart
  • locator=button[data-test='proceed-1']
  ✅ PASS: Clicked
▶ Click on: Proceed as authenticated user
  • locator=button[data-test='proceed-2']
  ✅ PASS: Clicked
▶ Select option: Billing country
  • locator=select[data-test='country']
  • value=RO
  ✅ PASS: Selected
▶ Type into element: Billing postal code
  • locator=input[data-test='postal_code']
  • value=10001
  ✅ PASS: Typed
▶ Type into element: Billing house number
  • locator=input[data-test='house_number']
  • value=5
  ✅ PASS: Typed
▶ Type into element: Billing street
  • locator=input[data-test='street']
  • value=Main Street 1
  ✅ PASS: Typed
▶ Type into element: Billing city
  • locator=input[data-test='city']
  • value=Bucharest
  ✅ PASS: Typed
▶ Type into element: Billing state
  • locator=input[data-test='state']
  • value=B
  ✅ PASS: Typed
▶ Click on: Proceed to payment
  • locator=button[data-test='proceed-3']
  ✅ PASS: Clicked
▶ Select option: Authenticated payment method
  • locator=select[data-test='payment-method']
  • value=Credit Card
  ✅ PASS: Selected
▶ Validate: Credit card number is visible
  • Wait for condition: Credit card number is visible
  ✅ PASS: Validated
▶ Validate: Credit card expiration date is visible
  • Wait for condition: Credit card expiration date is visible
  ✅ PASS: Validated
▶ Validate: Credit card CVV is visible
  • Wait for condition: Credit card CVV is visible
  ✅ PASS: Validated
▶ Validate: Credit card holder name is visible
  • Wait for condition: Credit card holder name is visible
  ✅ PASS: Validated
▶ Validate: Credit-card confirm stays available after contract reveal
  • Wait for condition: Credit-card confirm stays available after contract reveal
  ✅ PASS: Validated
▶ Type into element: Credit card number
  • locator=input[data-test='credit_card_number']
  • value=4111111111111111
  ✅ PASS: Typed
▶ Type into element: Credit card expiration date
  • locator=input[data-test='expiration_date']
  • value=12/34
  ✅ PASS: Typed
▶ Type into element: Credit card CVV
  • locator=input[data-test='cvv']
  • value=123
  ✅ PASS: Typed
▶ Type into element: Credit card holder name
  • locator=input[data-test='card_holder_name']
  • value=John Doe
  ✅ PASS: Typed
▶ Validate: Credit-card confirm becomes blocked after card data is entered
  • Wait for condition: Credit-card confirm becomes blocked after card data is entered
  ✅ PASS: Validated
]]></system-out>
  </testcase>
  <testcase name="run_03_authenticated_gift_card_reveals_contract_and_accepts_valid_submission" classname="com.endava.ai.atf.ui.AuthenticatedPaymentMethodContractTests" time="6.771">
    <system-out><![CDATA[▶ Authenticated payment method preconditions
▶ Clear browser session
  ✅ PASS: Session cleared
  ✅ PASS: Ready
▶ Open URL: https://practicesoftwaretesting.com/auth/register
  • base.url=https://practicesoftwaretesting.com
  • relativePath=/auth/register
  • Playwright pages after open: 1
  ✅ PASS: Opened
▶ Type into element: First name
  • locator=input[data-test='first-name']
  • value=John
  ✅ PASS: Typed
▶ Type into element: Last name
  • locator=input[data-test='last-name']
  • value=Doe
  ✅ PASS: Typed
▶ Type into element: Date of Birth
  • locator=input[data-test='dob']
  • value=1990-01-01
  ✅ PASS: Typed
▶ Type into element: Phone
  • locator=input[data-test='phone']
  • value=0712345678
  ✅ PASS: Typed
▶ Type into element: Email address
  • locator=input[data-test='email']
  • value=user_naprjhrx6y@example.com
  ✅ PASS: Typed
▶ Type into element: Password
  • locator=input[data-test='password']
  • value=Aa1@ehhJAJf2
  ✅ PASS: Typed
▶ Select option: Country
  • locator=select[data-test='country']
  • value=RO
  ✅ PASS: Selected
▶ Type into element: Postal code
  • locator=input[data-test='postal_code']
  • value=10001
  ✅ PASS: Typed
▶ Type into element: House number
  • locator=input[data-test='house_number']
  • value=5
  ✅ PASS: Typed
▶ Type into element: Street
  • locator=input[data-test='street']
  • value=Main Street 1
  ✅ PASS: Typed
▶ Type into element: City
  • locator=input[data-test='city']
  • value=Bucharest
  ✅ PASS: Typed
▶ Type into element: State
  • locator=input[data-test='state']
  • value=B
  ✅ PASS: Typed
▶ Click on: Register
  • locator=button[data-test='register-submit']
  ✅ PASS: Clicked
▶ Navigate to URL: https://practicesoftwaretesting.com/auth/login
  • base.url=https://practicesoftwaretesting.com
  • relativePath=/auth/login
  • Playwright pages after open: 1
  • Wait for URL contains: /auth/login
  ✅ PASS: Navigated
▶ Type into element: Email address
  • locator=input[data-test='email']
  • value=user_naprjhrx6y@example.com
  ✅ PASS: Typed
▶ Type into element: Password
  • locator=input[data-test='password']
  • value=Aa1@ehhJAJf2
  ✅ PASS: Typed
▶ Click on: Login
  • locator=input[data-test='login-submit']
  ✅ PASS: Clicked
▶ Navigate to URL: https://practicesoftwaretesting.com/
  • base.url=https://practicesoftwaretesting.com
  • relativePath=/
  • Playwright pages after open: 1
  • Wait for URL contains: /
  ✅ PASS: Navigated
▶ Click visible match on: First storefront product
  • locator=a[data-test^='product-']
  • visibleIndex=1
  ✅ PASS: Clicked visible match
▶ Click on: Add to cart
  • locator=button[data-test='add-to-cart']
  ✅ PASS: Clicked
▶ Get text from: body
  • locator=body
  • text=View the Documentation for this application.
Practice Black Box Testing & Bug Hunting
Testing Guide
🐛 Bug Hunting
Home
Categories 
Contact
John Doe 
 EN 
Photo by Helinton Fantin on Unsplash.
Combination Pliers

PliersForgeFlex Tools

$14.15
A
B
C
D
E

Versatile combination pliers designed for gripping, bending, and cutting wire with ease. Featuring chrome vanadium steel construction with induction-hardened cutting edges, these pliers deliver excellent grip and leverage for a wide range of tasks. The precision-machined jaws combine flat gripping surfaces with a pipe-grip section and integrated wire cutter for true multi-purpose functionality. Ergonomic bi-component handles reduce hand fatigue during extended use and provide a secure hold even with oily or gloved hands. The joint is precisely fitted to eliminate play and ensure smooth operation over thousands of cycles. Ideal for electricians, mechanics, and DIY enthusiasts tackling everyday projects around the workshop or job site.

Quantity
Add to cart
 Add to favourites
 Compare
Specifications
Handle Material	Bi-component
Length	200mm
Material	Chrome Vanadium Steel
Warranty	2years
Weight	340g
Related products
Pliers
More information
Bolt Cutters
More information
Long Nose Pliers
More information
Slip Joint Pliers
More information

This is a DEMO application (GitHub repo), used for software testing training purpose. | Privacy Policy | Banner photo by Barn Images on Unsplash.
  ✅ PASS: Text captured
▶ Get text from: body
  • locator=body
  • text=View the Documentation for this application.
Practice Black Box Testing & Bug Hunting
Testing Guide
🐛 Bug Hunting
Home
Categories 
Contact
John Doe 
 EN 
Photo by Helinton Fantin on Unsplash.
Combination Pliers

PliersForgeFlex Tools

$14.15
A
B
C
D
E

Versatile combination pliers designed for gripping, bending, and cutting wire with ease. Featuring chrome vanadium steel construction with induction-hardened cutting edges, these pliers deliver excellent grip and leverage for a wide range of tasks. The precision-machined jaws combine flat gripping surfaces with a pipe-grip section and integrated wire cutter for true multi-purpose functionality. Ergonomic bi-component handles reduce hand fatigue during extended use and provide a secure hold even with oily or gloved hands. The joint is precisely fitted to eliminate play and ensure smooth operation over thousands of cycles. Ideal for electricians, mechanics, and DIY enthusiasts tackling everyday projects around the workshop or job site.

Quantity
Add to cart
 Add to favourites
 Compare
Specifications
Handle Material	Bi-component
Length	200mm
Material	Chrome Vanadium Steel
Warranty	2years
Weight	340g
Related products
Pliers
More information
Bolt Cutters
More information
Long Nose Pliers
More information
Slip Joint Pliers
More information

This is a DEMO application (GitHub repo), used for software testing training purpose. | Privacy Policy | Banner photo by Barn Images on Unsplash.
  ✅ PASS: Text captured
▶ Get text from: body
  • locator=body
  • text=View the Documentation for this application.
Practice Black Box Testing & Bug Hunting
Testing Guide
🐛 Bug Hunting
Home
Categories 
Contact
John Doe 
 EN 
Photo by Helinton Fantin on Unsplash.
Combination Pliers

PliersForgeFlex Tools

$14.15
A
B
C
D
E

Versatile combination pliers designed for gripping, bending, and cutting wire with ease. Featuring chrome vanadium steel construction with induction-hardened cutting edges, these pliers deliver excellent grip and leverage for a wide range of tasks. The precision-machined jaws combine flat gripping surfaces with a pipe-grip section and integrated wire cutter for true multi-purpose functionality. Ergonomic bi-component handles reduce hand fatigue during extended use and provide a secure hold even with oily or gloved hands. The joint is precisely fitted to eliminate play and ensure smooth operation over thousands of cycles. Ideal for electricians, mechanics, and DIY enthusiasts tackling everyday projects around the workshop or job site.

Quantity
Add to cart
 Add to favourites
 Compare
Specifications
Handle Material	Bi-component
Length	200mm
Material	Chrome Vanadium Steel
Warranty	2years
Weight	340g
Related products
Pliers
More information
Bolt Cutters
More information
Long Nose Pliers
More information
Slip Joint Pliers
More information

This is a DEMO application (GitHub repo), used for software testing training purpose. | Privacy Policy | Banner photo by Barn Images on Unsplash.
  ✅ PASS: Text captured
▶ Get text from: body
  • locator=body
  • text=View the Documentation for this application.
Practice Black Box Testing & Bug Hunting
Testing Guide
🐛 Bug Hunting
Home
Categories 
Contact
John Doe 
1
 EN 
Photo by Helinton Fantin on Unsplash.
Combination Pliers

PliersForgeFlex Tools

$14.15
A
B
C
D
E

Versatile combination pliers designed for gripping, bending, and cutting wire with ease. Featuring chrome vanadium steel construction with induction-hardened cutting edges, these pliers deliver excellent grip and leverage for a wide range of tasks. The precision-machined jaws combine flat gripping surfaces with a pipe-grip section and integrated wire cutter for true multi-purpose functionality. Ergonomic bi-component handles reduce hand fatigue during extended use and provide a secure hold even with oily or gloved hands. The joint is precisely fitted to eliminate play and ensure smooth operation over thousands of cycles. Ideal for electricians, mechanics, and DIY enthusiasts tackling everyday projects around the workshop or job site.

Quantity
Add to cart
 Add to favourites
 Compare
Specifications
Handle Material	Bi-component
Length	200mm
Material	Chrome Vanadium Steel
Warranty	2years
Weight	340g
Related products
Pliers
More information
Bolt Cutters
More information
Long Nose Pliers
More information
Slip Joint Pliers
More information

This is a DEMO application (GitHub repo), used for software testing training purpose. | Privacy Policy | Banner photo by Barn Images on Unsplash.

Product added to shopping cart.
  ✅ PASS: Text captured
▶ Click on: Cart
  • locator=a[data-test='nav-cart']
  ✅ PASS: Clicked
▶ Get text from: Cart product title
  • locator=[data-test='product-title']
  • text=Combination Pliers 
  ✅ PASS: Text captured
▶ Click on: Proceed to checkout from cart
  • locator=button[data-test='proceed-1']
  ✅ PASS: Clicked
▶ Click on: Proceed as authenticated user
  • locator=button[data-test='proceed-2']
  ✅ PASS: Clicked
▶ Select option: Billing country
  • locator=select[data-test='country']
  • value=RO
  ✅ PASS: Selected
▶ Type into element: Billing postal code
  • locator=input[data-test='postal_code']
  • value=10001
  ✅ PASS: Typed
▶ Type into element: Billing house number
  • locator=input[data-test='house_number']
  • value=5
  ✅ PASS: Typed
▶ Type into element: Billing street
  • locator=input[data-test='street']
  • value=Main Street 1
  ✅ PASS: Typed
▶ Type into element: Billing city
  • locator=input[data-test='city']
  • value=Bucharest
  ✅ PASS: Typed
▶ Type into element: Billing state
  • locator=input[data-test='state']
  • value=B
  ✅ PASS: Typed
▶ Click on: Proceed to payment
  • locator=button[data-test='proceed-3']
  ✅ PASS: Clicked
▶ Select option: Authenticated payment method
  • locator=select[data-test='payment-method']
  • value=Gift Card
  ✅ PASS: Selected
▶ Validate: Gift card number is visible
  • Wait for condition: Gift card number is visible
  ✅ PASS: Validated
▶ Validate: Gift card validation code is visible
  • Wait for condition: Gift card validation code is visible
  ✅ PASS: Validated
▶ Validate: Gift-card confirm stays blocked before gift data
  • Wait for condition: Gift-card confirm stays blocked before gift data
  ✅ PASS: Validated
▶ Type into element: Gift card number
  • locator=input[data-test='gift_card_number']
  • value=ABCDEFGH12345678
  ✅ PASS: Typed
▶ Type into element: Gift card validation code
  • locator=input[data-test='validation_code']
  • value=W9X2
  ✅ PASS: Typed
▶ Validate: Gift-card confirm becomes enabled after gift data
  • Wait for condition: Gift-card confirm becomes enabled after gift data
  ✅ PASS: Validated
▶ Click on: Confirm authenticated payment
  • locator=button[data-test='finish']
  ✅ PASS: Clicked
▶ Get text from: Payment success message
  • locator=div[data-test='payment-success-message']
  • text=Payment was successful
  ✅ PASS: Text captured
]]></system-out>
  </testcase>
  <testcase name="run_04_authenticated_bank_transfer_reveals_contract_and_accepts_valid_submission" classname="com.endava.ai.atf.ui.AuthenticatedPaymentMethodContractTests" time="5.845">
    <system-out><![CDATA[▶ Authenticated payment method preconditions
▶ Clear browser session
  ✅ PASS: Session cleared
  ✅ PASS: Ready
▶ Open URL: https://practicesoftwaretesting.com/auth/register
  • base.url=https://practicesoftwaretesting.com
  • relativePath=/auth/register
  • Playwright pages after open: 1
  ✅ PASS: Opened
▶ Type into element: First name
  • locator=input[data-test='first-name']
  • value=John
  ✅ PASS: Typed
▶ Type into element: Last name
  • locator=input[data-test='last-name']
  • value=Doe
  ✅ PASS: Typed
▶ Type into element: Date of Birth
  • locator=input[data-test='dob']
  • value=1990-01-01
  ✅ PASS: Typed
▶ Type into element: Phone
  • locator=input[data-test='phone']
  • value=0712345678
  ✅ PASS: Typed
▶ Type into element: Email address
  • locator=input[data-test='email']
  • value=user_aldqfcq9yn@example.com
  ✅ PASS: Typed
▶ Type into element: Password
  • locator=input[data-test='password']
  • value=Aa1@ErX6du4g
  ✅ PASS: Typed
▶ Select option: Country
  • locator=select[data-test='country']
  • value=RO
  ✅ PASS: Selected
▶ Type into element: Postal code
  • locator=input[data-test='postal_code']
  • value=10001
  ✅ PASS: Typed
▶ Type into element: House number
  • locator=input[data-test='house_number']
  • value=5
  ✅ PASS: Typed
▶ Type into element: Street
  • locator=input[data-test='street']
  • value=Main Street 1
  ✅ PASS: Typed
▶ Type into element: City
  • locator=input[data-test='city']
  • value=Bucharest
  ✅ PASS: Typed
▶ Type into element: State
  • locator=input[data-test='state']
  • value=B
  ✅ PASS: Typed
▶ Click on: Register
  • locator=button[data-test='register-submit']
  ✅ PASS: Clicked
▶ Navigate to URL: https://practicesoftwaretesting.com/auth/login
  • base.url=https://practicesoftwaretesting.com
  • relativePath=/auth/login
  • Playwright pages after open: 1
  • Wait for URL contains: /auth/login
  ✅ PASS: Navigated
▶ Type into element: Email address
  • locator=input[data-test='email']
  • value=user_aldqfcq9yn@example.com
  ✅ PASS: Typed
▶ Type into element: Password
  • locator=input[data-test='password']
  • value=Aa1@ErX6du4g
  ✅ PASS: Typed
▶ Click on: Login
  • locator=input[data-test='login-submit']
  ✅ PASS: Clicked
▶ Navigate to URL: https://practicesoftwaretesting.com/
  • base.url=https://practicesoftwaretesting.com
  • relativePath=/
  • Playwright pages after open: 1
  • Wait for URL contains: /
  ✅ PASS: Navigated
▶ Click visible match on: First storefront product
  • locator=a[data-test^='product-']
  • visibleIndex=1
  ✅ PASS: Clicked visible match
▶ Click on: Add to cart
  • locator=button[data-test='add-to-cart']
  ✅ PASS: Clicked
▶ Get text from: body
  • locator=body
  • text=View the Documentation for this application.
Practice Black Box Testing & Bug Hunting
Testing Guide
🐛 Bug Hunting
Home
Categories 
Contact
John Doe 
 EN 
Photo by Helinton Fantin on Unsplash.
Combination Pliers

PliersForgeFlex Tools

$14.15
A
B
C
D
E

Versatile combination pliers designed for gripping, bending, and cutting wire with ease. Featuring chrome vanadium steel construction with induction-hardened cutting edges, these pliers deliver excellent grip and leverage for a wide range of tasks. The precision-machined jaws combine flat gripping surfaces with a pipe-grip section and integrated wire cutter for true multi-purpose functionality. Ergonomic bi-component handles reduce hand fatigue during extended use and provide a secure hold even with oily or gloved hands. The joint is precisely fitted to eliminate play and ensure smooth operation over thousands of cycles. Ideal for electricians, mechanics, and DIY enthusiasts tackling everyday projects around the workshop or job site.

Quantity
Add to cart
 Add to favourites
 Compare
Specifications
Handle Material	Bi-component
Length	200mm
Material	Chrome Vanadium Steel
Warranty	2years
Weight	340g
Related products
Pliers
More information
Bolt Cutters
More information
Long Nose Pliers
More information
Slip Joint Pliers
More information

This is a DEMO application (GitHub repo), used for software testing training purpose. | Privacy Policy | Banner photo by Barn Images on Unsplash.
  ✅ PASS: Text captured
▶ Get text from: body
  • locator=body
  • text=View the Documentation for this application.
Practice Black Box Testing & Bug Hunting
Testing Guide
🐛 Bug Hunting
Home
Categories 
Contact
John Doe 
 EN 
Photo by Helinton Fantin on Unsplash.
Combination Pliers

PliersForgeFlex Tools

$14.15
A
B
C
D
E

Versatile combination pliers designed for gripping, bending, and cutting wire with ease. Featuring chrome vanadium steel construction with induction-hardened cutting edges, these pliers deliver excellent grip and leverage for a wide range of tasks. The precision-machined jaws combine flat gripping surfaces with a pipe-grip section and integrated wire cutter for true multi-purpose functionality. Ergonomic bi-component handles reduce hand fatigue during extended use and provide a secure hold even with oily or gloved hands. The joint is precisely fitted to eliminate play and ensure smooth operation over thousands of cycles. Ideal for electricians, mechanics, and DIY enthusiasts tackling everyday projects around the workshop or job site.

Quantity
Add to cart
 Add to favourites
 Compare
Specifications
Handle Material	Bi-component
Length	200mm
Material	Chrome Vanadium Steel
Warranty	2years
Weight	340g
Related products
Pliers
More information
Bolt Cutters
More information
Long Nose Pliers
More information
Slip Joint Pliers
More information

This is a DEMO application (GitHub repo), used for software testing training purpose. | Privacy Policy | Banner photo by Barn Images on Unsplash.
  ✅ PASS: Text captured
▶ Get text from: body
  • locator=body
  • text=View the Documentation for this application.
Practice Black Box Testing & Bug Hunting
Testing Guide
🐛 Bug Hunting
Home
Categories 
Contact
John Doe 
 EN 
Photo by Helinton Fantin on Unsplash.
Combination Pliers

PliersForgeFlex Tools

$14.15
A
B
C
D
E

Versatile combination pliers designed for gripping, bending, and cutting wire with ease. Featuring chrome vanadium steel construction with induction-hardened cutting edges, these pliers deliver excellent grip and leverage for a wide range of tasks. The precision-machined jaws combine flat gripping surfaces with a pipe-grip section and integrated wire cutter for true multi-purpose functionality. Ergonomic bi-component handles reduce hand fatigue during extended use and provide a secure hold even with oily or gloved hands. The joint is precisely fitted to eliminate play and ensure smooth operation over thousands of cycles. Ideal for electricians, mechanics, and DIY enthusiasts tackling everyday projects around the workshop or job site.

Quantity
Add to cart
 Add to favourites
 Compare
Specifications
Handle Material	Bi-component
Length	200mm
Material	Chrome Vanadium Steel
Warranty	2years
Weight	340g
Related products
Pliers
More information
Bolt Cutters
More information
Long Nose Pliers
More information
Slip Joint Pliers
More information

This is a DEMO application (GitHub repo), used for software testing training purpose. | Privacy Policy | Banner photo by Barn Images on Unsplash.
  ✅ PASS: Text captured
▶ Get text from: body
  • locator=body
  • text=View the Documentation for this application.
Practice Black Box Testing & Bug Hunting
Testing Guide
🐛 Bug Hunting
Home
Categories 
Contact
John Doe 
1
 EN 
Photo by Helinton Fantin on Unsplash.
Combination Pliers

PliersForgeFlex Tools

$14.15
A
B
C
D
E

Versatile combination pliers designed for gripping, bending, and cutting wire with ease. Featuring chrome vanadium steel construction with induction-hardened cutting edges, these pliers deliver excellent grip and leverage for a wide range of tasks. The precision-machined jaws combine flat gripping surfaces with a pipe-grip section and integrated wire cutter for true multi-purpose functionality. Ergonomic bi-component handles reduce hand fatigue during extended use and provide a secure hold even with oily or gloved hands. The joint is precisely fitted to eliminate play and ensure smooth operation over thousands of cycles. Ideal for electricians, mechanics, and DIY enthusiasts tackling everyday projects around the workshop or job site.

Quantity
Add to cart
 Add to favourites
 Compare
Specifications
Handle Material	Bi-component
Length	200mm
Material	Chrome Vanadium Steel
Warranty	2years
Weight	340g
Related products
Pliers
More information
Bolt Cutters
More information
Long Nose Pliers
More information
Slip Joint Pliers
More information

This is a DEMO application (GitHub repo), used for software testing training purpose. | Privacy Policy | Banner photo by Barn Images on Unsplash.

Product added to shopping cart.
  ✅ PASS: Text captured
▶ Click on: Cart
  • locator=a[data-test='nav-cart']
  ✅ PASS: Clicked
▶ Get text from: Cart product title
  • locator=[data-test='product-title']
  • text=Combination Pliers 
  ✅ PASS: Text captured
▶ Click on: Proceed to checkout from cart
  • locator=button[data-test='proceed-1']
  ✅ PASS: Clicked
▶ Click on: Proceed as authenticated user
  • locator=button[data-test='proceed-2']
  ✅ PASS: Clicked
▶ Select option: Billing country
  • locator=select[data-test='country']
  • value=RO
  ✅ PASS: Selected
▶ Type into element: Billing postal code
  • locator=input[data-test='postal_code']
  • value=10001
  ✅ PASS: Typed
▶ Type into element: Billing house number
  • locator=input[data-test='house_number']
  • value=5
  ✅ PASS: Typed
▶ Type into element: Billing street
  • locator=input[data-test='street']
  • value=Main Street 1
  ✅ PASS: Typed
▶ Type into element: Billing city
  • locator=input[data-test='city']
  • value=Bucharest
  ✅ PASS: Typed
▶ Type into element: Billing state
  • locator=input[data-test='state']
  • value=B
  ✅ PASS: Typed
▶ Click on: Proceed to payment
  • locator=button[data-test='proceed-3']
  ✅ PASS: Clicked
▶ Select option: Authenticated payment method
  • locator=select[data-test='payment-method']
  • value=Bank Transfer
  ✅ PASS: Selected
▶ Validate: Bank transfer bank name is visible
  • Wait for condition: Bank transfer bank name is visible
  ✅ PASS: Validated
▶ Validate: Bank transfer account name is visible
  • Wait for condition: Bank transfer account name is visible
  ✅ PASS: Validated
▶ Validate: Bank transfer account number is visible
  • Wait for condition: Bank transfer account number is visible
  ✅ PASS: Validated
▶ Validate: Bank-transfer confirm stays blocked before transfer data
  • Wait for condition: Bank-transfer confirm stays blocked before transfer data
  ✅ PASS: Validated
▶ Type into element: Bank transfer bank name
  • locator=input[data-test='bank_name']
  • value=Audit Bank
  ✅ PASS: Typed
▶ Type into element: Bank transfer account name
  • locator=input[data-test='account_name']
  • value=John Doe
  ✅ PASS: Typed
▶ Type into element: Bank transfer account number
  • locator=input[data-test='account_number']
  • value=12345678901234
  ✅ PASS: Typed
▶ Validate: Bank-transfer confirm becomes enabled after transfer data
  • Wait for condition: Bank-transfer confirm becomes enabled after transfer data
  ✅ PASS: Validated
▶ Click on: Confirm authenticated payment
  • locator=button[data-test='finish']
  ✅ PASS: Clicked
▶ Get text from: Payment success message
  • locator=div[data-test='payment-success-message']
  • text=Payment was successful
  ✅ PASS: Text captured
]]></system-out>
  </testcase>
  <testcase name="run_05_authenticated_payment_method_switch_clears_credit_card_contract_and_regates_confirmation_on_gift_card_data" classname="com.endava.ai.atf.ui.AuthenticatedPaymentMethodContractTests" time="6.02">
    <system-out><![CDATA[▶ Authenticated payment method preconditions
▶ Clear browser session
  ✅ PASS: Session cleared
  ✅ PASS: Ready
▶ Open URL: https://practicesoftwaretesting.com/auth/register
  • base.url=https://practicesoftwaretesting.com
  • relativePath=/auth/register
  • Playwright pages after open: 1
  ✅ PASS: Opened
▶ Type into element: First name
  • locator=input[data-test='first-name']
  • value=John
  ✅ PASS: Typed
▶ Type into element: Last name
  • locator=input[data-test='last-name']
  • value=Doe
  ✅ PASS: Typed
▶ Type into element: Date of Birth
  • locator=input[data-test='dob']
  • value=1990-01-01
  ✅ PASS: Typed
▶ Type into element: Phone
  • locator=input[data-test='phone']
  • value=0712345678
  ✅ PASS: Typed
▶ Type into element: Email address
  • locator=input[data-test='email']
  • value=user_jmhrkeqshr@example.com
  ✅ PASS: Typed
▶ Type into element: Password
  • locator=input[data-test='password']
  • value=Aa1@A3yiXZ2Q
  ✅ PASS: Typed
▶ Select option: Country
  • locator=select[data-test='country']
  • value=RO
  ✅ PASS: Selected
▶ Type into element: Postal code
  • locator=input[data-test='postal_code']
  • value=10001
  ✅ PASS: Typed
▶ Type into element: House number
  • locator=input[data-test='house_number']
  • value=5
  ✅ PASS: Typed
▶ Type into element: Street
  • locator=input[data-test='street']
  • value=Main Street 1
  ✅ PASS: Typed
▶ Type into element: City
  • locator=input[data-test='city']
  • value=Bucharest
  ✅ PASS: Typed
▶ Type into element: State
  • locator=input[data-test='state']
  • value=B
  ✅ PASS: Typed
▶ Click on: Register
  • locator=button[data-test='register-submit']
  ✅ PASS: Clicked
▶ Navigate to URL: https://practicesoftwaretesting.com/auth/login
  • base.url=https://practicesoftwaretesting.com
  • relativePath=/auth/login
  • Playwright pages after open: 1
  • Wait for URL contains: /auth/login
  ✅ PASS: Navigated
▶ Type into element: Email address
  • locator=input[data-test='email']
  • value=user_jmhrkeqshr@example.com
  ✅ PASS: Typed
▶ Type into element: Password
  • locator=input[data-test='password']
  • value=Aa1@A3yiXZ2Q
  ✅ PASS: Typed
▶ Click on: Login
  • locator=input[data-test='login-submit']
  ✅ PASS: Clicked
▶ Navigate to URL: https://practicesoftwaretesting.com/
  • base.url=https://practicesoftwaretesting.com
  • relativePath=/
  • Playwright pages after open: 1
  • Wait for URL contains: /
  ✅ PASS: Navigated
▶ Click visible match on: First storefront product
  • locator=a[data-test^='product-']
  • visibleIndex=1
  ✅ PASS: Clicked visible match
▶ Click on: Add to cart
  • locator=button[data-test='add-to-cart']
  ✅ PASS: Clicked
▶ Get text from: body
  • locator=body
  • text=View the Documentation for this application.
Practice Black Box Testing & Bug Hunting
Testing Guide
🐛 Bug Hunting
Home
Categories 
Contact
John Doe 
 EN 
Photo by Helinton Fantin on Unsplash.
Combination Pliers

PliersForgeFlex Tools

$14.15
A
B
C
D
E

Versatile combination pliers designed for gripping, bending, and cutting wire with ease. Featuring chrome vanadium steel construction with induction-hardened cutting edges, these pliers deliver excellent grip and leverage for a wide range of tasks. The precision-machined jaws combine flat gripping surfaces with a pipe-grip section and integrated wire cutter for true multi-purpose functionality. Ergonomic bi-component handles reduce hand fatigue during extended use and provide a secure hold even with oily or gloved hands. The joint is precisely fitted to eliminate play and ensure smooth operation over thousands of cycles. Ideal for electricians, mechanics, and DIY enthusiasts tackling everyday projects around the workshop or job site.

Quantity
Add to cart
 Add to favourites
 Compare
Specifications
Handle Material	Bi-component
Length	200mm
Material	Chrome Vanadium Steel
Warranty	2years
Weight	340g
Related products
Pliers
More information
Bolt Cutters
More information
Long Nose Pliers
More information
Slip Joint Pliers
More information

This is a DEMO application (GitHub repo), used for software testing training purpose. | Privacy Policy | Banner photo by Barn Images on Unsplash.
  ✅ PASS: Text captured
▶ Get text from: body
  • locator=body
  • text=View the Documentation for this application.
Practice Black Box Testing & Bug Hunting
Testing Guide
🐛 Bug Hunting
Home
Categories 
Contact
John Doe 
 EN 
Photo by Helinton Fantin on Unsplash.
Combination Pliers

PliersForgeFlex Tools

$14.15
A
B
C
D
E

Versatile combination pliers designed for gripping, bending, and cutting wire with ease. Featuring chrome vanadium steel construction with induction-hardened cutting edges, these pliers deliver excellent grip and leverage for a wide range of tasks. The precision-machined jaws combine flat gripping surfaces with a pipe-grip section and integrated wire cutter for true multi-purpose functionality. Ergonomic bi-component handles reduce hand fatigue during extended use and provide a secure hold even with oily or gloved hands. The joint is precisely fitted to eliminate play and ensure smooth operation over thousands of cycles. Ideal for electricians, mechanics, and DIY enthusiasts tackling everyday projects around the workshop or job site.

Quantity
Add to cart
 Add to favourites
 Compare
Specifications
Handle Material	Bi-component
Length	200mm
Material	Chrome Vanadium Steel
Warranty	2years
Weight	340g
Related products
Pliers
More information
Bolt Cutters
More information
Long Nose Pliers
More information
Slip Joint Pliers
More information

This is a DEMO application (GitHub repo), used for software testing training purpose. | Privacy Policy | Banner photo by Barn Images on Unsplash.
  ✅ PASS: Text captured
▶ Get text from: body
  • locator=body
  • text=View the Documentation for this application.
Practice Black Box Testing & Bug Hunting
Testing Guide
🐛 Bug Hunting
Home
Categories 
Contact
John Doe 
 EN 
Photo by Helinton Fantin on Unsplash.
Combination Pliers

PliersForgeFlex Tools

$14.15
A
B
C
D
E

Versatile combination pliers designed for gripping, bending, and cutting wire with ease. Featuring chrome vanadium steel construction with induction-hardened cutting edges, these pliers deliver excellent grip and leverage for a wide range of tasks. The precision-machined jaws combine flat gripping surfaces with a pipe-grip section and integrated wire cutter for true multi-purpose functionality. Ergonomic bi-component handles reduce hand fatigue during extended use and provide a secure hold even with oily or gloved hands. The joint is precisely fitted to eliminate play and ensure smooth operation over thousands of cycles. Ideal for electricians, mechanics, and DIY enthusiasts tackling everyday projects around the workshop or job site.

Quantity
Add to cart
 Add to favourites
 Compare
Specifications
Handle Material	Bi-component
Length	200mm
Material	Chrome Vanadium Steel
Warranty	2years
Weight	340g
Related products
Pliers
More information
Bolt Cutters
More information
Long Nose Pliers
More information
Slip Joint Pliers
More information

This is a DEMO application (GitHub repo), used for software testing training purpose. | Privacy Policy | Banner photo by Barn Images on Unsplash.
  ✅ PASS: Text captured
▶ Get text from: body
  • locator=body
  • text=View the Documentation for this application.
Practice Black Box Testing & Bug Hunting
Testing Guide
🐛 Bug Hunting
Home
Categories 
Contact
John Doe 
1
 EN 
Photo by Helinton Fantin on Unsplash.
Combination Pliers

PliersForgeFlex Tools

$14.15
A
B
C
D
E

Versatile combination pliers designed for gripping, bending, and cutting wire with ease. Featuring chrome vanadium steel construction with induction-hardened cutting edges, these pliers deliver excellent grip and leverage for a wide range of tasks. The precision-machined jaws combine flat gripping surfaces with a pipe-grip section and integrated wire cutter for true multi-purpose functionality. Ergonomic bi-component handles reduce hand fatigue during extended use and provide a secure hold even with oily or gloved hands. The joint is precisely fitted to eliminate play and ensure smooth operation over thousands of cycles. Ideal for electricians, mechanics, and DIY enthusiasts tackling everyday projects around the workshop or job site.

Quantity
Add to cart
 Add to favourites
 Compare
Specifications
Handle Material	Bi-component
Length	200mm
Material	Chrome Vanadium Steel
Warranty	2years
Weight	340g
Related products
Pliers
More information
Bolt Cutters
More information
Long Nose Pliers
More information
Slip Joint Pliers
More information

This is a DEMO application (GitHub repo), used for software testing training purpose. | Privacy Policy | Banner photo by Barn Images on Unsplash.

Product added to shopping cart.
  ✅ PASS: Text captured
▶ Click on: Cart
  • locator=a[data-test='nav-cart']
  ✅ PASS: Clicked
▶ Get text from: Cart product title
  • locator=[data-test='product-title']
  • text=Combination Pliers 
  ✅ PASS: Text captured
▶ Click on: Proceed to checkout from cart
  • locator=button[data-test='proceed-1']
  ✅ PASS: Clicked
▶ Click on: Proceed as authenticated user
  • locator=button[data-test='proceed-2']
  ✅ PASS: Clicked
▶ Select option: Billing country
  • locator=select[data-test='country']
  • value=RO
  ✅ PASS: Selected
▶ Type into element: Billing postal code
  • locator=input[data-test='postal_code']
  • value=10001
  ✅ PASS: Typed
▶ Type into element: Billing house number
  • locator=input[data-test='house_number']
  • value=5
  ✅ PASS: Typed
▶ Type into element: Billing street
  • locator=input[data-test='street']
  • value=Main Street 1
  ✅ PASS: Typed
▶ Type into element: Billing city
  • locator=input[data-test='city']
  • value=Bucharest
  ✅ PASS: Typed
▶ Type into element: Billing state
  • locator=input[data-test='state']
  • value=B
  ✅ PASS: Typed
▶ Click on: Proceed to payment
  • locator=button[data-test='proceed-3']
  ✅ PASS: Clicked
▶ Select option: Authenticated payment method
  • locator=select[data-test='payment-method']
  • value=Credit Card
  ✅ PASS: Selected
▶ Validate: Credit card number is visible
  • Wait for condition: Credit card number is visible
  ✅ PASS: Validated
▶ Validate: Credit card expiration date is visible
  • Wait for condition: Credit card expiration date is visible
  ✅ PASS: Validated
▶ Validate: Credit card CVV is visible
  • Wait for condition: Credit card CVV is visible
  ✅ PASS: Validated
▶ Validate: Credit card holder name is visible
  • Wait for condition: Credit card holder name is visible
  ✅ PASS: Validated
▶ Select option: Authenticated payment method
  • locator=select[data-test='payment-method']
  • value=Gift Card
  ✅ PASS: Selected
▶ Validate: credit-card fields disappear after method switch
  ✅ PASS: Validated
▶ Validate: Gift card number is visible
  • Wait for condition: Gift card number is visible
  ✅ PASS: Validated
▶ Validate: Gift card validation code is visible
  • Wait for condition: Gift card validation code is visible
  ✅ PASS: Validated
▶ Validate: Gift-card confirm is re-gated after switching away from credit-card
  • Wait for condition: Gift-card confirm is re-gated after switching away from credit-card
  ✅ PASS: Validated
▶ Type into element: Gift card number
  • locator=input[data-test='gift_card_number']
  • value=ZXCVASDF12345678
  ✅ PASS: Typed
▶ Type into element: Gift card validation code
  • locator=input[data-test='validation_code']
  • value=Q1W2
  ✅ PASS: Typed
▶ Validate: Gift-card confirm becomes enabled after the switched contract is completed
  • Wait for condition: Gift-card confirm becomes enabled after the switched contract is completed
  ✅ PASS: Validated
▶ Click on: Confirm authenticated payment
  • locator=button[data-test='finish']
  ✅ PASS: Clicked
▶ Get text from: Payment success message
  • locator=div[data-test='payment-success-message']
  • text=Payment was successful
  ✅ PASS: Text captured
]]></system-out>
  </testcase>
</testsuite>