<?xml version="1.0" encoding="UTF-8"?>
<testng-results ignored="0" total="1" passed="1" failed="0" skipped="0">
  <reporter-output>
  </reporter-output>
  <suite started-at="2026-06-09T12:31:54 EEST" name="Surefire suite" finished-at="2026-06-09T12:32:09 EEST" duration-ms="14848">
    <groups>
    </groups>
    <test started-at="2026-06-09T12:31:54 EEST" name="Surefire test" finished-at="2026-06-09T12:32:09 EEST" duration-ms="14848">
      <class name="com.endava.ai.atf.ui.RegistrationTests">
        <test-method is-config="true" signature="setUp()[pri:0, instance:com.endava.ai.atf.ui.RegistrationTests@229c6181]" started-at="2026-06-09T12:31:54 EEST" name="setUp" finished-at="2026-06-09T12:32:07 EEST" duration-ms="12554" status="PASS">
          <reporter-output>
          </reporter-output>
        </test-method> <!-- setUp -->
        <test-method is-config="true" signature="installRegistrationSubmitMock()[pri:0, instance:com.endava.ai.atf.ui.RegistrationTests@229c6181]" started-at="2026-06-09T12:32:07 EEST" name="installRegistrationSubmitMock" finished-at="2026-06-09T12:32:07 EEST" duration-ms="207" status="PASS">
          <reporter-output>
          </reporter-output>
        </test-method> <!-- installRegistrationSubmitMock -->
        <test-method is-config="true" signature="before()[pri:0, instance:com.endava.ai.atf.ui.RegistrationTests@229c6181]" started-at="2026-06-09T12:32:07 EEST" name="before" finished-at="2026-06-09T12:32:07 EEST" duration-ms="3" status="PASS">
          <reporter-output>
          </reporter-output>
        </test-method> <!-- before -->
        <test-method signature="negative_missing_required_fields_shows_error()[pri:0, instance:com.endava.ai.atf.ui.RegistrationTests@229c6181]" started-at="2026-06-09T12:32:07 EEST" name="negative_missing_required_fields_shows_error" description="Negative: missing required fields should show validation error" finished-at="2026-06-09T12:32:08 EEST" duration-ms="1231" status="PASS">
          <reporter-output>
          </reporter-output>
        </test-method> <!-- negative_missing_required_fields_shows_error -->
        <test-method is-config="true" signature="tearDown()[pri:0, instance:com.endava.ai.atf.ui.RegistrationTests@229c6181]" started-at="2026-06-09T12:32:09 EEST" name="tearDown" finished-at="2026-06-09T12:32:09 EEST" duration-ms="285" status="PASS">
          <reporter-output>
          </reporter-output>
        </test-method> <!-- tearDown -->
      </class> <!-- com.endava.ai.atf.ui.RegistrationTests -->
    </test> <!-- Surefire test -->
  </suite> <!-- Surefire suite -->
</testng-results>
