<?xml version="1.0" encoding="UTF-8"?>
<testng-results ignored="0" total="5" passed="5" failed="0" skipped="0">
  <reporter-output>
  </reporter-output>
  <suite started-at="2026-06-14T19:28:22 EEST" name="Surefire suite" finished-at="2026-06-14T19:29:25 EEST" duration-ms="62782">
    <groups>
    </groups>
    <test started-at="2026-06-14T19:28:22 EEST" name="Surefire test" finished-at="2026-06-14T19:29:25 EEST" duration-ms="62782">
      <class name="com.endava.ai.ui.tests.AuthenticatedFavoritesMultiProductAccumulationTests">
        <test-method is-config="true" signature="setUp()[pri:0, instance:com.endava.ai.ui.tests.AuthenticatedFavoritesMultiProductAccumulationTests@4e31276e]" started-at="2026-06-14T19:29:03 EEST" name="setUp" finished-at="2026-06-14T19:29:04 EEST" duration-ms="1694" status="PASS">
          <reporter-output>
          </reporter-output>
        </test-method> <!-- setUp -->
        <test-method is-config="true" signature="before()[pri:0, instance:com.endava.ai.ui.tests.AuthenticatedFavoritesMultiProductAccumulationTests@4e31276e]" started-at="2026-06-14T19:29:04 EEST" name="before" finished-at="2026-06-14T19:29:04 EEST" duration-ms="236" status="PASS">
          <reporter-output>
          </reporter-output>
        </test-method> <!-- before -->
        <test-method signature="authenticated_favorites_accumulate_two_distinct_selected_products()[pri:0, instance:com.endava.ai.ui.tests.AuthenticatedFavoritesMultiProductAccumulationTests@4e31276e]" started-at="2026-06-14T19:29:04 EEST" name="authenticated_favorites_accumulate_two_distinct_selected_products" description="Authenticated favorites accumulate distinct selected products instead of collapsing the collection to a single surviving item" finished-at="2026-06-14T19:29:13 EEST" duration-ms="8145" status="PASS">
          <reporter-output>
          </reporter-output>
        </test-method> <!-- authenticated_favorites_accumulate_two_distinct_selected_products -->
        <test-method is-config="true" signature="tearDown()[pri:0, instance:com.endava.ai.ui.tests.AuthenticatedFavoritesMultiProductAccumulationTests@4e31276e]" started-at="2026-06-14T19:29:13 EEST" name="tearDown" finished-at="2026-06-14T19:29:13 EEST" duration-ms="442" status="PASS">
          <reporter-output>
          </reporter-output>
        </test-method> <!-- tearDown -->
      </class> <!-- com.endava.ai.ui.tests.AuthenticatedFavoritesMultiProductAccumulationTests -->
      <class name="com.endava.ai.ui.tests.AuthenticatedFavoritesEmptyStateTests">
        <test-method is-config="true" signature="setUp()[pri:0, instance:com.endava.ai.ui.tests.AuthenticatedFavoritesEmptyStateTests@df6620a]" started-at="2026-06-14T19:28:55 EEST" name="setUp" finished-at="2026-06-14T19:28:57 EEST" duration-ms="1819" status="PASS">
          <reporter-output>
          </reporter-output>
        </test-method> <!-- setUp -->
        <test-method is-config="true" signature="before()[pri:0, instance:com.endava.ai.ui.tests.AuthenticatedFavoritesEmptyStateTests@df6620a]" started-at="2026-06-14T19:28:57 EEST" name="before" finished-at="2026-06-14T19:28:57 EEST" duration-ms="15" status="PASS">
          <reporter-output>
          </reporter-output>
        </test-method> <!-- before -->
        <test-method signature="authenticated_customer_sees_the_empty_favorites_guidance_before_adding_products()[pri:0, instance:com.endava.ai.ui.tests.AuthenticatedFavoritesEmptyStateTests@df6620a]" started-at="2026-06-14T19:28:57 EEST" name="authenticated_customer_sees_the_empty_favorites_guidance_before_adding_products" description="Authenticated customer reaches the favorites route before selecting products and still receives the empty ownership guidance" finished-at="2026-06-14T19:29:02 EEST" duration-ms="4647" status="PASS">
          <reporter-output>
          </reporter-output>
        </test-method> <!-- authenticated_customer_sees_the_empty_favorites_guidance_before_adding_products -->
        <test-method is-config="true" signature="tearDown()[pri:0, instance:com.endava.ai.ui.tests.AuthenticatedFavoritesEmptyStateTests@df6620a]" started-at="2026-06-14T19:29:02 EEST" name="tearDown" finished-at="2026-06-14T19:29:03 EEST" duration-ms="414" status="PASS">
          <reporter-output>
          </reporter-output>
        </test-method> <!-- tearDown -->
      </class> <!-- com.endava.ai.ui.tests.AuthenticatedFavoritesEmptyStateTests -->
      <class name="com.endava.ai.ui.tests.AuthenticatedFavoritesEmptyStateReloginPersistenceTests">
        <test-method is-config="true" signature="setUp()[pri:0, instance:com.endava.ai.ui.tests.AuthenticatedFavoritesEmptyStateReloginPersistenceTests@2812b107]" started-at="2026-06-14T19:28:46 EEST" name="setUp" finished-at="2026-06-14T19:28:47 EEST" duration-ms="1421" status="PASS">
          <reporter-output>
          </reporter-output>
        </test-method> <!-- setUp -->
        <test-method is-config="true" signature="before()[pri:0, instance:com.endava.ai.ui.tests.AuthenticatedFavoritesEmptyStateReloginPersistenceTests@2812b107]" started-at="2026-06-14T19:28:47 EEST" name="before" finished-at="2026-06-14T19:28:48 EEST" duration-ms="235" status="PASS">
          <reporter-output>
          </reporter-output>
        </test-method> <!-- before -->
        <test-method signature="authenticated_empty_favorites_guidance_survives_relogin_without_selected_products()[pri:0, instance:com.endava.ai.ui.tests.AuthenticatedFavoritesEmptyStateReloginPersistenceTests@2812b107]" started-at="2026-06-14T19:28:48 EEST" name="authenticated_empty_favorites_guidance_survives_relogin_without_selected_products" description="Authenticated favorites keep the empty ownership guidance visible even after a cold relogin when no products were selected" finished-at="2026-06-14T19:28:55 EEST" duration-ms="7035" status="PASS">
          <reporter-output>
          </reporter-output>
        </test-method> <!-- authenticated_empty_favorites_guidance_survives_relogin_without_selected_products -->
        <test-method is-config="true" signature="tearDown()[pri:0, instance:com.endava.ai.ui.tests.AuthenticatedFavoritesEmptyStateReloginPersistenceTests@2812b107]" started-at="2026-06-14T19:28:55 EEST" name="tearDown" finished-at="2026-06-14T19:28:55 EEST" duration-ms="499" status="PASS">
          <reporter-output>
          </reporter-output>
        </test-method> <!-- tearDown -->
      </class> <!-- com.endava.ai.ui.tests.AuthenticatedFavoritesEmptyStateReloginPersistenceTests -->
      <class name="com.endava.ai.ui.tests.AuthenticatedFavoritesReloginPersistenceTests">
        <test-method is-config="true" signature="setUp()[pri:0, instance:com.endava.ai.ui.tests.AuthenticatedFavoritesReloginPersistenceTests@1a72a540]" started-at="2026-06-14T19:29:13 EEST" name="setUp" finished-at="2026-06-14T19:29:15 EEST" duration-ms="1900" status="PASS">
          <reporter-output>
          </reporter-output>
        </test-method> <!-- setUp -->
        <test-method is-config="true" signature="before()[pri:0, instance:com.endava.ai.ui.tests.AuthenticatedFavoritesReloginPersistenceTests@1a72a540]" started-at="2026-06-14T19:29:15 EEST" name="before" finished-at="2026-06-14T19:29:15 EEST" duration-ms="13" status="PASS">
          <reporter-output>
          </reporter-output>
        </test-method> <!-- before -->
        <test-method signature="authenticated_favorite_survives_relogin_and_keeps_the_selected_product()[pri:0, instance:com.endava.ai.ui.tests.AuthenticatedFavoritesReloginPersistenceTests@1a72a540]" started-at="2026-06-14T19:29:15 EEST" name="authenticated_favorite_survives_relogin_and_keeps_the_selected_product" description="Authenticated favorite ownership survives a cold relogin and still materializes the selected product" finished-at="2026-06-14T19:29:24 EEST" duration-ms="8856" status="PASS">
          <reporter-output>
          </reporter-output>
        </test-method> <!-- authenticated_favorite_survives_relogin_and_keeps_the_selected_product -->
        <test-method is-config="true" signature="tearDown()[pri:0, instance:com.endava.ai.ui.tests.AuthenticatedFavoritesReloginPersistenceTests@1a72a540]" started-at="2026-06-14T19:29:24 EEST" name="tearDown" finished-at="2026-06-14T19:29:25 EEST" duration-ms="508" status="PASS">
          <reporter-output>
          </reporter-output>
        </test-method> <!-- tearDown -->
      </class> <!-- com.endava.ai.ui.tests.AuthenticatedFavoritesReloginPersistenceTests -->
      <class name="com.endava.ai.ui.tests.AuthenticatedFavoritesAccumulationReloginPersistenceTests">
        <test-method is-config="true" signature="setUp()[pri:0, instance:com.endava.ai.ui.tests.AuthenticatedFavoritesAccumulationReloginPersistenceTests@31920ade]" started-at="2026-06-14T19:28:22 EEST" name="setUp" finished-at="2026-06-14T19:28:34 EEST" duration-ms="11822" status="PASS">
          <reporter-output>
          </reporter-output>
        </test-method> <!-- setUp -->
        <test-method is-config="true" signature="before()[pri:0, instance:com.endava.ai.ui.tests.AuthenticatedFavoritesAccumulationReloginPersistenceTests@31920ade]" started-at="2026-06-14T19:28:34 EEST" name="before" finished-at="2026-06-14T19:28:34 EEST" duration-ms="219" status="PASS">
          <reporter-output>
          </reporter-output>
        </test-method> <!-- before -->
        <test-method signature="authenticated_favorites_keep_both_selected_products_after_relogin()[pri:0, instance:com.endava.ai.ui.tests.AuthenticatedFavoritesAccumulationReloginPersistenceTests@31920ade]" started-at="2026-06-14T19:28:34 EEST" name="authenticated_favorites_keep_both_selected_products_after_relogin" description="Authenticated favorites preserve the accumulated multi-product ownership after a cold relogin" finished-at="2026-06-14T19:28:45 EEST" duration-ms="11089" status="PASS">
          <reporter-output>
          </reporter-output>
        </test-method> <!-- authenticated_favorites_keep_both_selected_products_after_relogin -->
        <test-method is-config="true" signature="tearDown()[pri:0, instance:com.endava.ai.ui.tests.AuthenticatedFavoritesAccumulationReloginPersistenceTests@31920ade]" started-at="2026-06-14T19:28:46 EEST" name="tearDown" finished-at="2026-06-14T19:28:46 EEST" duration-ms="360" status="PASS">
          <reporter-output>
          </reporter-output>
        </test-method> <!-- tearDown -->
      </class> <!-- com.endava.ai.ui.tests.AuthenticatedFavoritesAccumulationReloginPersistenceTests -->
    </test> <!-- Surefire test -->
  </suite> <!-- Surefire suite -->
</testng-results>
