<?xml version="1.0" encoding="UTF-8"?>
<testng-results ignored="0" total="1" passed="1" failed="0" skipped="0">
  <reporter-output>
  </reporter-output>
  <suite started-at="2026-06-10T11:07:04 EEST" name="Surefire suite" finished-at="2026-06-10T11:07:04 EEST" duration-ms="417">
    <groups>
    </groups>
    <test started-at="2026-06-10T11:07:04 EEST" name="Surefire test" finished-at="2026-06-10T11:07:04 EEST" duration-ms="417">
      <class name="com.endava.ai.atf.ui.component.AuthenticatedContinuationContractTest">
        <test-method signature="open_profile_chain_waits_for_account_then_profile_then_loaded_value()[pri:0, instance:com.endava.ai.atf.ui.component.AuthenticatedContinuationContractTest@1e1a0406]" started-at="2026-06-10T11:07:04 EEST" name="open_profile_chain_waits_for_account_then_profile_then_loaded_value" finished-at="2026-06-10T11:07:04 EEST" duration-ms="318" status="PASS">
          <reporter-output>
          </reporter-output>
        </test-method> <!-- open_profile_chain_waits_for_account_then_profile_then_loaded_value -->
        <test-method is-config="true" signature="tearDown()[pri:0, instance:com.endava.ai.atf.ui.component.AuthenticatedContinuationContractTest@1e1a0406]" started-at="2026-06-10T11:07:04 EEST" name="tearDown" finished-at="2026-06-10T11:07:04 EEST" duration-ms="5" status="PASS">
          <reporter-output>
          </reporter-output>
        </test-method> <!-- tearDown -->
      </class> <!-- com.endava.ai.atf.ui.component.AuthenticatedContinuationContractTest -->
    </test> <!-- Surefire test -->
  </suite> <!-- Surefire suite -->
</testng-results>
