<?xml version="1.0" encoding="UTF-8"?>
<testng-results ignored="0" total="1" passed="1" failed="0" skipped="0">
  <reporter-output>
  </reporter-output>
  <suite started-at="2026-06-10T11:07:18 EEST" name="Surefire suite" finished-at="2026-06-10T11:07:18 EEST" duration-ms="166">
    <groups>
    </groups>
    <test started-at="2026-06-10T11:07:18 EEST" name="Surefire test" finished-at="2026-06-10T11:07:18 EEST" duration-ms="166">
      <class name="com.endava.ai.atf.ui.component.AuthenticatedContinuationContractTest">
        <test-method signature="favorites_navigation_clicks_favorites_entry_from_account_surface()[pri:0, instance:com.endava.ai.atf.ui.component.AuthenticatedContinuationContractTest@1e1a0406]" started-at="2026-06-10T11:07:18 EEST" name="favorites_navigation_clicks_favorites_entry_from_account_surface" finished-at="2026-06-10T11:07:18 EEST" duration-ms="80" status="PASS">
          <reporter-output>
          </reporter-output>
        </test-method> <!-- favorites_navigation_clicks_favorites_entry_from_account_surface -->
        <test-method is-config="true" signature="tearDown()[pri:0, instance:com.endava.ai.atf.ui.component.AuthenticatedContinuationContractTest@1e1a0406]" started-at="2026-06-10T11:07:18 EEST" name="tearDown" finished-at="2026-06-10T11:07:18 EEST" duration-ms="16" status="PASS">
          <reporter-output>
          </reporter-output>
        </test-method> <!-- tearDown -->
      </class> <!-- com.endava.ai.atf.ui.component.AuthenticatedContinuationContractTest -->
    </test> <!-- Surefire test -->
  </suite> <!-- Surefire suite -->
</testng-results>
