<?xml version="1.0" encoding="UTF-8"?>
<testng-results ignored="0" total="5" passed="5" failed="0" skipped="0">
  <reporter-output>
  </reporter-output>
  <suite started-at="2026-06-14T21:43:15 EEST" name="Surefire suite" finished-at="2026-06-14T21:44:18 EEST" duration-ms="63539">
    <groups>
    </groups>
    <test started-at="2026-06-14T21:43:15 EEST" name="Surefire test" finished-at="2026-06-14T21:44:18 EEST" duration-ms="63539">
      <class name="com.endava.ai.ui.tests.AuthenticatedFavoritesMultiProductAccumulationTests">
        <test-method is-config="true" signature="setUp()[pri:0, instance:com.endava.ai.ui.tests.AuthenticatedFavoritesMultiProductAccumulationTests@4e31276e]" started-at="2026-06-14T21:43:56 EEST" name="setUp" finished-at="2026-06-14T21:43:58 EEST" duration-ms="1804" status="PASS">
          <reporter-output>
          </reporter-output>
        </test-method> <!-- setUp -->
        <test-method is-config="true" signature="before()[pri:0, instance:com.endava.ai.ui.tests.AuthenticatedFavoritesMultiProductAccumulationTests@4e31276e]" started-at="2026-06-14T21:43:58 EEST" name="before" finished-at="2026-06-14T21:43:58 EEST" duration-ms="282" status="PASS">
          <reporter-output>
          </reporter-output>
        </test-method> <!-- before -->
        <test-method signature="authenticated_favorites_accumulate_two_distinct_selected_products()[pri:0, instance:com.endava.ai.ui.tests.AuthenticatedFavoritesMultiProductAccumulationTests@4e31276e]" started-at="2026-06-14T21:43:58 EEST" name="authenticated_favorites_accumulate_two_distinct_selected_products" description="Authenticated favorites accumulate distinct selected products instead of collapsing the collection to a single surviving item" finished-at="2026-06-14T21:44:06 EEST" duration-ms="7811" status="PASS">
          <reporter-output>
          </reporter-output>
        </test-method> <!-- authenticated_favorites_accumulate_two_distinct_selected_products -->
        <test-method is-config="true" signature="tearDown()[pri:0, instance:com.endava.ai.ui.tests.AuthenticatedFavoritesMultiProductAccumulationTests@4e31276e]" started-at="2026-06-14T21:44:06 EEST" name="tearDown" finished-at="2026-06-14T21:44:07 EEST" duration-ms="447" status="PASS">
          <reporter-output>
          </reporter-output>
        </test-method> <!-- tearDown -->
      </class> <!-- com.endava.ai.ui.tests.AuthenticatedFavoritesMultiProductAccumulationTests -->
      <class name="com.endava.ai.ui.tests.AuthenticatedFavoritesEmptyStateTests">
        <test-method is-config="true" signature="setUp()[pri:0, instance:com.endava.ai.ui.tests.AuthenticatedFavoritesEmptyStateTests@df6620a]" started-at="2026-06-14T21:43:49 EEST" name="setUp" finished-at="2026-06-14T21:43:51 EEST" duration-ms="1868" status="PASS">
          <reporter-output>
          </reporter-output>
        </test-method> <!-- setUp -->
        <test-method is-config="true" signature="before()[pri:0, instance:com.endava.ai.ui.tests.AuthenticatedFavoritesEmptyStateTests@df6620a]" started-at="2026-06-14T21:43:51 EEST" name="before" finished-at="2026-06-14T21:43:51 EEST" duration-ms="239" status="PASS">
          <reporter-output>
          </reporter-output>
        </test-method> <!-- before -->
        <test-method signature="authenticated_customer_sees_the_empty_favorites_guidance_before_adding_products()[pri:0, instance:com.endava.ai.ui.tests.AuthenticatedFavoritesEmptyStateTests@df6620a]" started-at="2026-06-14T21:43:51 EEST" name="authenticated_customer_sees_the_empty_favorites_guidance_before_adding_products" description="Authenticated customer reaches the favorites route before selecting products and still receives the empty ownership guidance" finished-at="2026-06-14T21:43:55 EEST" duration-ms="4641" status="PASS">
          <reporter-output>
          </reporter-output>
        </test-method> <!-- authenticated_customer_sees_the_empty_favorites_guidance_before_adding_products -->
        <test-method is-config="true" signature="tearDown()[pri:0, instance:com.endava.ai.ui.tests.AuthenticatedFavoritesEmptyStateTests@df6620a]" started-at="2026-06-14T21:43:56 EEST" name="tearDown" finished-at="2026-06-14T21:43:56 EEST" duration-ms="443" status="PASS">
          <reporter-output>
          </reporter-output>
        </test-method> <!-- tearDown -->
      </class> <!-- com.endava.ai.ui.tests.AuthenticatedFavoritesEmptyStateTests -->
      <class name="com.endava.ai.ui.tests.AuthenticatedFavoritesReloginPersistenceTests">
        <test-method is-config="true" signature="setUp()[pri:0, instance:com.endava.ai.ui.tests.AuthenticatedFavoritesReloginPersistenceTests@1a72a540]" started-at="2026-06-14T21:44:07 EEST" name="setUp" finished-at="2026-06-14T21:44:08 EEST" duration-ms="1675" status="PASS">
          <reporter-output>
          </reporter-output>
        </test-method> <!-- setUp -->
        <test-method is-config="true" signature="before()[pri:0, instance:com.endava.ai.ui.tests.AuthenticatedFavoritesReloginPersistenceTests@1a72a540]" started-at="2026-06-14T21:44:08 EEST" name="before" finished-at="2026-06-14T21:44:09 EEST" duration-ms="124" status="PASS">
          <reporter-output>
          </reporter-output>
        </test-method> <!-- before -->
        <test-method signature="authenticated_favorite_survives_relogin_and_keeps_the_selected_product()[pri:0, instance:com.endava.ai.ui.tests.AuthenticatedFavoritesReloginPersistenceTests@1a72a540]" started-at="2026-06-14T21:44:09 EEST" name="authenticated_favorite_survives_relogin_and_keeps_the_selected_product" description="Authenticated favorite ownership survives a cold relogin and still materializes the selected product" finished-at="2026-06-14T21:44:18 EEST" duration-ms="9101" status="PASS">
          <reporter-output>
          </reporter-output>
        </test-method> <!-- authenticated_favorite_survives_relogin_and_keeps_the_selected_product -->
        <test-method is-config="true" signature="tearDown()[pri:0, instance:com.endava.ai.ui.tests.AuthenticatedFavoritesReloginPersistenceTests@1a72a540]" started-at="2026-06-14T21:44:18 EEST" name="tearDown" finished-at="2026-06-14T21:44:18 EEST" duration-ms="514" status="PASS">
          <reporter-output>
          </reporter-output>
        </test-method> <!-- tearDown -->
      </class> <!-- com.endava.ai.ui.tests.AuthenticatedFavoritesReloginPersistenceTests -->
      <class name="com.endava.ai.ui.tests.AuthenticatedFavoritesAccumulationReloginPersistenceTests">
        <test-method is-config="true" signature="setUp()[pri:0, instance:com.endava.ai.ui.tests.AuthenticatedFavoritesAccumulationReloginPersistenceTests@2812b107]" started-at="2026-06-14T21:43:35 EEST" name="setUp" finished-at="2026-06-14T21:43:37 EEST" duration-ms="1589" status="PASS">
          <reporter-output>
          </reporter-output>
        </test-method> <!-- setUp -->
        <test-method is-config="true" signature="before()[pri:0, instance:com.endava.ai.ui.tests.AuthenticatedFavoritesAccumulationReloginPersistenceTests@2812b107]" started-at="2026-06-14T21:43:37 EEST" name="before" finished-at="2026-06-14T21:43:37 EEST" duration-ms="288" status="PASS">
          <reporter-output>
          </reporter-output>
        </test-method> <!-- before -->
        <test-method signature="authenticated_favorites_keep_both_selected_products_after_relogin()[pri:0, instance:com.endava.ai.ui.tests.AuthenticatedFavoritesAccumulationReloginPersistenceTests@2812b107]" started-at="2026-06-14T21:43:37 EEST" name="authenticated_favorites_keep_both_selected_products_after_relogin" description="Authenticated favorites preserve the accumulated multi-product ownership after a cold relogin" finished-at="2026-06-14T21:43:48 EEST" duration-ms="11065" status="PASS">
          <reporter-output>
          </reporter-output>
        </test-method> <!-- authenticated_favorites_keep_both_selected_products_after_relogin -->
        <test-method is-config="true" signature="tearDown()[pri:0, instance:com.endava.ai.ui.tests.AuthenticatedFavoritesAccumulationReloginPersistenceTests@2812b107]" started-at="2026-06-14T21:43:48 EEST" name="tearDown" finished-at="2026-06-14T21:43:49 EEST" duration-ms="502" status="PASS">
          <reporter-output>
          </reporter-output>
        </test-method> <!-- tearDown -->
      </class> <!-- com.endava.ai.ui.tests.AuthenticatedFavoritesAccumulationReloginPersistenceTests -->
      <class name="com.endava.ai.ui.tests.AuthenticatedAccountFavoritesTests">
        <test-method is-config="true" signature="setUp()[pri:0, instance:com.endava.ai.ui.tests.AuthenticatedAccountFavoritesTests@5c669da8]" started-at="2026-06-14T21:43:15 EEST" name="setUp" finished-at="2026-06-14T21:43:27 EEST" duration-ms="11878" status="PASS">
          <reporter-output>
          </reporter-output>
        </test-method> <!-- setUp -->
        <test-method is-config="true" signature="before()[pri:0, instance:com.endava.ai.ui.tests.AuthenticatedAccountFavoritesTests@5c669da8]" started-at="2026-06-14T21:43:27 EEST" name="before" finished-at="2026-06-14T21:43:27 EEST" duration-ms="250" status="PASS">
          <reporter-output>
          </reporter-output>
        </test-method> <!-- before -->
        <test-method signature="authenticated_customer_can_materialize_selected_product_inside_account_favorites()[pri:0, instance:com.endava.ai.ui.tests.AuthenticatedAccountFavoritesTests@5c669da8]" started-at="2026-06-14T21:43:27 EEST" name="authenticated_customer_can_materialize_selected_product_inside_account_favorites" description="Authenticated customer can materialize a selected product inside account favorites" finished-at="2026-06-14T21:43:34 EEST" duration-ms="7029" status="PASS">
          <reporter-output>
          </reporter-output>
        </test-method> <!-- authenticated_customer_can_materialize_selected_product_inside_account_favorites -->
        <test-method is-config="true" signature="tearDown()[pri:0, instance:com.endava.ai.ui.tests.AuthenticatedAccountFavoritesTests@5c669da8]" started-at="2026-06-14T21:43:35 EEST" name="tearDown" finished-at="2026-06-14T21:43:35 EEST" duration-ms="468" status="PASS">
          <reporter-output>
          </reporter-output>
        </test-method> <!-- tearDown -->
      </class> <!-- com.endava.ai.ui.tests.AuthenticatedAccountFavoritesTests -->
    </test> <!-- Surefire test -->
  </suite> <!-- Surefire suite -->
</testng-results>
